[2020-07-02 15:31:32,316] [autoreload.py:598] [autoreload:run_with_reloader] [INFO]- Watching for file changes with StatReloader
[2020-07-02 15:39:44,400] [basehttp.py:157] [basehttp:log_message] [INFO]- "POST /token/ HTTP/1.1" 200 469
[2020-07-02 15:39:44,483] [basehttp.py:157] [basehttp:log_message] [INFO]- "GET /system/user/info/ HTTP/1.1" 200 136
[2020-07-02 15:39:48,816] [basehttp.py:157] [basehttp:log_message] [INFO]- "GET /system/organization/ HTTP/1.1" 200 476
[2020-07-02 15:39:48,831] [basehttp.py:157] [basehttp:log_message] [INFO]- "GET /system/user/?page=1&page_size=20 HTTP/1.1" 200 527
[2020-07-02 15:39:48,845] [basehttp.py:157] [basehttp:log_message] [INFO]- "GET /system/role/ HTTP/1.1" 200 232
[2020-07-02 15:40:01,997] [basehttp.py:157] [basehttp:log_message] [INFO]- "GET /system/organization/ HTTP/1.1" 200 476
[2020-07-02 15:40:01,999] [basehttp.py:157] [basehttp:log_message] [INFO]- "GET /system/user/?page=1&page_size=20 HTTP/1.1" 200 527
[2020-07-02 15:40:02,015] [basehttp.py:157] [basehttp:log_message] [INFO]- "GET /system/role/ HTTP/1.1" 200 232
[2020-07-02 15:40:02,955] [basehttp.py:157] [basehttp:log_message] [INFO]- "GET /system/organization/ HTTP/1.1" 200 476
[2020-07-02 15:40:09,255] [basehttp.py:157] [basehttp:log_message] [INFO]- "OPTIONS /system/permission/ HTTP/1.1" 200 0
[2020-07-02 15:40:09,265] [basehttp.py:157] [basehttp:log_message] [INFO]- "GET /system/organization/ HTTP/1.1" 200 476
[2020-07-02 15:40:09,271] [basehttp.py:157] [basehttp:log_message] [INFO]- "GET /system/role/ HTTP/1.1" 200 232
[2020-07-02 15:40:09,292] [basehttp.py:157] [basehttp:log_message] [INFO]- "GET /system/permission/ HTTP/1.1" 200 5844
[2020-07-02 15:40:10,767] [basehttp.py:157] [basehttp:log_message] [INFO]- "OPTIONS /system/position/ HTTP/1.1" 200 0
[2020-07-02 15:40:10,824] [basehttp.py:157] [basehttp:log_message] [INFO]- "GET /system/position/ HTTP/1.1" 200 33
[2020-07-02 15:40:12,064] [basehttp.py:157] [basehttp:log_message] [INFO]- "OPTIONS /system/dicttype/ HTTP/1.1" 200 0
[2020-07-02 15:40:12,105] [basehttp.py:157] [basehttp:log_message] [INFO]- "GET /system/dicttype/ HTTP/1.1" 200 187
[2020-07-02 15:40:13,591] [basehttp.py:157] [basehttp:log_message] [INFO]- "OPTIONS /system/dict/?type=1 HTTP/1.1" 200 0
[2020-07-02 15:40:13,632] [basehttp.py:157] [basehttp:log_message] [INFO]- "GET /system/dict/?type=1 HTTP/1.1" 200 33
[2020-07-02 15:40:26,766] [basehttp.py:157] [basehttp:log_message] [INFO]- "GET /system/dict/?type=1 HTTP/1.1" 200 33
[2020-07-02 15:40:35,167] [basehttp.py:157] [basehttp:log_message] [INFO]- "GET /file/?page=1&page_size=20 HTTP/1.1" 200 83
[2020-07-02 15:40:37,556] [basehttp.py:157] [basehttp:log_message] [INFO]- "GET /system/task/?page=1&page_size=20 HTTP/1.1" 200 83
[2020-07-02 15:40:39,909] [basehttp.py:157] [basehttp:log_message] [INFO]- "GET /system/permission/ HTTP/1.1" 200 5844
[2020-07-02 15:41:28,375] [basehttp.py:157] [basehttp:log_message] [INFO]- "GET /system/organization/ HTTP/1.1" 200 476
[2020-07-02 15:41:28,376] [basehttp.py:157] [basehttp:log_message] [INFO]- "GET /system/user/?page=1&page_size=20 HTTP/1.1" 200 527
[2020-07-02 15:41:28,376] [basehttp.py:157] [basehttp:log_message] [INFO]- "GET /system/role/ HTTP/1.1" 200 232
[2020-07-02 15:42:11,830] [basehttp.py:157] [basehttp:log_message] [INFO]- "GET /system/position/ HTTP/1.1" 200 33
[2020-07-02 15:42:14,457] [basehttp.py:157] [basehttp:log_message] [INFO]- "GET /system/dicttype/ HTTP/1.1" 200 187
[2020-07-02 15:42:15,633] [basehttp.py:157] [basehttp:log_message] [INFO]- "GET /system/dict/?type=1 HTTP/1.1" 200 33
[2020-07-02 15:43:03,956] [basehttp.py:157] [basehttp:log_message] [INFO]- "OPTIONS /system/dict/ HTTP/1.1" 200 0
[2020-07-02 15:43:04,280] [basehttp.py:157] [basehttp:log_message] [INFO]- "POST /system/dict/ HTTP/1.1" 200 254
[2020-07-02 15:43:04,319] [basehttp.py:157] [basehttp:log_message] [INFO]- "GET /system/dict/?type=1 HTTP/1.1" 200 256
