[2020-05-06 14:32:41,831] [autoreload.py:598] [autoreload:run_with_reloader] [INFO]- Watching for file changes with StatReloader
[2020-05-06 14:51:41,327] [autoreload.py:598] [autoreload:run_with_reloader] [INFO]- Watching for file changes with StatReloader
[2020-05-06 14:54:47,496] [autoreload.py:222] [autoreload:trigger_reload] [INFO]- E:\django-vue-rbac\server\utils\view.py changed, reloading.
[2020-05-06 14:54:48,736] [autoreload.py:598] [autoreload:run_with_reloader] [INFO]- Watching for file changes with StatReloader
[2020-05-06 15:35:11,897] [autoreload.py:222] [autoreload:trigger_reload] [INFO]- E:\django-vue-rbac\server\apps\rbac\views.py changed, reloading.
[2020-05-06 15:35:12,948] [autoreload.py:598] [autoreload:run_with_reloader] [INFO]- Watching for file changes with StatReloader
[2020-05-06 15:35:25,259] [autoreload.py:222] [autoreload:trigger_reload] [INFO]- E:\django-vue-rbac\server\apps\rbac\views.py changed, reloading.
[2020-05-06 15:35:26,299] [autoreload.py:598] [autoreload:run_with_reloader] [INFO]- Watching for file changes with StatReloader
[2020-05-06 15:36:01,144] [autoreload.py:222] [autoreload:trigger_reload] [INFO]- E:\django-vue-rbac\server\apps\rbac\views.py changed, reloading.
[2020-05-06 15:36:02,178] [autoreload.py:598] [autoreload:run_with_reloader] [INFO]- Watching for file changes with StatReloader
[2020-05-06 15:36:53,445] [autoreload.py:222] [autoreload:trigger_reload] [INFO]- E:\django-vue-rbac\server\apps\rbac\views.py changed, reloading.
[2020-05-06 15:36:54,496] [autoreload.py:598] [autoreload:run_with_reloader] [INFO]- Watching for file changes with StatReloader
[2020-05-06 15:43:43,609] [autoreload.py:222] [autoreload:trigger_reload] [INFO]- E:\django-vue-rbac\server\apps\rbac\views.py changed, reloading.
[2020-05-06 15:43:44,639] [autoreload.py:598] [autoreload:run_with_reloader] [INFO]- Watching for file changes with StatReloader
[2020-05-06 15:43:52,358] [autoreload.py:222] [autoreload:trigger_reload] [INFO]- E:\django-vue-rbac\server\apps\rbac\permission.py changed, reloading.
[2020-05-06 15:43:53,585] [autoreload.py:598] [autoreload:run_with_reloader] [INFO]- Watching for file changes with StatReloader
[2020-05-06 15:43:58,792] [autoreload.py:222] [autoreload:trigger_reload] [INFO]- E:\django-vue-rbac\server\utils\view.py changed, reloading.
[2020-05-06 15:43:59,821] [autoreload.py:598] [autoreload:run_with_reloader] [INFO]- Watching for file changes with StatReloader
[2020-05-06 15:45:17,786] [autoreload.py:222] [autoreload:trigger_reload] [INFO]- E:\django-vue-rbac\server\apps\rbac\admin.py changed, reloading.
[2020-05-06 15:45:18,931] [autoreload.py:598] [autoreload:run_with_reloader] [INFO]- Watching for file changes with StatReloader
[2020-05-06 15:45:37,333] [autoreload.py:222] [autoreload:trigger_reload] [INFO]- E:\django-vue-rbac\server\apps\rbac\models.py changed, reloading.
[2020-05-06 15:45:38,515] [autoreload.py:598] [autoreload:run_with_reloader] [INFO]- Watching for file changes with StatReloader
[2020-05-06 15:45:48,519] [autoreload.py:222] [autoreload:trigger_reload] [INFO]- E:\django-vue-rbac\server\apps\rbac\serializers.py changed, reloading.
[2020-05-06 15:45:49,710] [autoreload.py:598] [autoreload:run_with_reloader] [INFO]- Watching for file changes with StatReloader
[2020-05-06 15:45:56,224] [autoreload.py:222] [autoreload:trigger_reload] [INFO]- E:\django-vue-rbac\server\apps\rbac\urls.py changed, reloading.
[2020-05-06 15:45:57,314] [autoreload.py:598] [autoreload:run_with_reloader] [INFO]- Watching for file changes with StatReloader
[2020-05-06 15:46:15,748] [autoreload.py:222] [autoreload:trigger_reload] [INFO]- E:\django-vue-rbac\server\server\settings_dev.py changed, reloading.
[2020-05-06 15:46:16,943] [autoreload.py:598] [autoreload:run_with_reloader] [INFO]- Watching for file changes with StatReloader
[2020-05-06 15:46:28,139] [autoreload.py:222] [autoreload:trigger_reload] [INFO]- E:\django-vue-rbac\server\server\settings.py changed, reloading.
[2020-05-06 15:46:29,222] [autoreload.py:598] [autoreload:run_with_reloader] [INFO]- Watching for file changes with StatReloader
[2020-05-06 15:46:34,590] [autoreload.py:222] [autoreload:trigger_reload] [INFO]- E:\django-vue-rbac\server\server\urls.py changed, reloading.
[2020-05-06 15:46:35,757] [autoreload.py:598] [autoreload:run_with_reloader] [INFO]- Watching for file changes with StatReloader
[2020-05-06 15:46:43,422] [autoreload.py:222] [autoreload:trigger_reload] [INFO]- E:\django-vue-rbac\server\server\wsgi.py changed, reloading.
[2020-05-06 15:46:44,451] [autoreload.py:598] [autoreload:run_with_reloader] [INFO]- Watching for file changes with StatReloader
[2020-05-06 15:46:51,989] [autoreload.py:222] [autoreload:trigger_reload] [INFO]- E:\django-vue-rbac\server\utils\model.py changed, reloading.
[2020-05-06 15:46:53,172] [autoreload.py:598] [autoreload:run_with_reloader] [INFO]- Watching for file changes with StatReloader
[2020-05-06 15:46:58,609] [autoreload.py:222] [autoreload:trigger_reload] [INFO]- E:\django-vue-rbac\server\utils\queryset.py changed, reloading.
[2020-05-06 15:46:59,943] [autoreload.py:598] [autoreload:run_with_reloader] [INFO]- Watching for file changes with StatReloader
[2020-05-06 15:47:04,133] [autoreload.py:222] [autoreload:trigger_reload] [INFO]- E:\django-vue-rbac\server\utils\response.py changed, reloading.
[2020-05-06 15:47:05,196] [autoreload.py:598] [autoreload:run_with_reloader] [INFO]- Watching for file changes with StatReloader
[2020-05-06 15:47:32,781] [autoreload.py:222] [autoreload:trigger_reload] [INFO]- E:\django-vue-rbac\server\utils\response.py changed, reloading.
[2020-05-06 15:47:33,844] [autoreload.py:598] [autoreload:run_with_reloader] [INFO]- Watching for file changes with StatReloader
[2020-05-06 15:47:37,885] [autoreload.py:222] [autoreload:trigger_reload] [INFO]- E:\django-vue-rbac\server\utils\response.py changed, reloading.
[2020-05-06 15:47:39,287] [autoreload.py:598] [autoreload:run_with_reloader] [INFO]- Watching for file changes with StatReloader
[2020-05-06 16:07:59,734] [autoreload.py:222] [autoreload:trigger_reload] [INFO]- E:\django-vue-rbac\server\apps\rbac\views.py changed, reloading.
[2020-05-06 16:08:01,216] [autoreload.py:598] [autoreload:run_with_reloader] [INFO]- Watching for file changes with StatReloader
[2020-05-06 16:08:08,756] [autoreload.py:222] [autoreload:trigger_reload] [INFO]- E:\django-vue-rbac\server\apps\rbac\views.py changed, reloading.
[2020-05-06 16:08:09,751] [autoreload.py:598] [autoreload:run_with_reloader] [INFO]- Watching for file changes with StatReloader
[2020-05-07 09:48:10,358] [basehttp.py:157] [basehttp:log_message] [INFO]- "OPTIONS /token/ HTTP/1.1" 200 0
[2020-05-07 09:48:11,398] [basehttp.py:157] [basehttp:log_message] [INFO]- "POST /token/ HTTP/1.1" 200 469
[2020-05-07 09:48:11,417] [basehttp.py:157] [basehttp:log_message] [INFO]- "OPTIONS /rbac/user/info/ HTTP/1.1" 200 0
[2020-05-07 09:48:12,018] [basehttp.py:157] [basehttp:log_message] [INFO]- "GET /rbac/user/info/ HTTP/1.1" 200 136
[2020-05-07 10:11:57,101] [basehttp.py:157] [basehttp:log_message] [INFO]- "OPTIONS /rbac/user/info/ HTTP/1.1" 200 0
[2020-05-07 10:11:57,225] [basehttp.py:157] [basehttp:log_message] [INFO]- "GET /rbac/user/info/ HTTP/1.1" 200 136
[2020-05-07 10:12:01,706] [basehttp.py:157] [basehttp:log_message] [INFO]- "GET /media/default/avatar.png?imageView2/1/w/80/h/80 HTTP/1.0" 304 0
[2020-05-07 10:12:03,860] [basehttp.py:157] [basehttp:log_message] [INFO]- "OPTIONS /rbac/user/?page=1&page_size=20 HTTP/1.1" 200 0
[2020-05-07 10:12:03,860] [basehttp.py:157] [basehttp:log_message] [INFO]- "OPTIONS /rbac/organization/ HTTP/1.1" 200 0
[2020-05-07 10:12:03,878] [basehttp.py:157] [basehttp:log_message] [INFO]- "OPTIONS /rbac/role/ HTTP/1.1" 200 0
[2020-05-07 10:12:10,456] [basehttp.py:157] [basehttp:log_message] [INFO]- "GET /rbac/organization/ HTTP/1.1" 200 798
[2020-05-07 10:12:10,477] [log.py:228] [log:log_response] [ERROR]- Internal Server Error: /rbac/user/
Traceback (most recent call last):
  File "E:\cnas\server\venv\lib\site-packages\django\core\handlers\exception.py", line 34, in inner
    response = get_response(request)
  File "E:\cnas\server\venv\lib\site-packages\django\core\handlers\base.py", line 115, in _get_response
    response = self.process_exception_by_middleware(e, request)
  File "E:\cnas\server\venv\lib\site-packages\django\core\handlers\base.py", line 113, in _get_response
    response = wrapped_callback(request, *callback_args, **callback_kwargs)
  File "E:\cnas\server\venv\lib\site-packages\django\views\decorators\csrf.py", line 54, in wrapped_view
    return view_func(*args, **kwargs)
  File "E:\cnas\server\venv\lib\site-packages\rest_framework\viewsets.py", line 114, in view
    return self.dispatch(request, *args, **kwargs)
  File "E:\cnas\server\venv\lib\site-packages\rest_framework\views.py", line 505, in dispatch
    response = self.handle_exception(exc)
  File "E:\cnas\server\venv\lib\site-packages\rest_framework\views.py", line 465, in handle_exception
    self.raise_uncaught_exception(exc)
  File "E:\cnas\server\venv\lib\site-packages\rest_framework\views.py", line 476, in raise_uncaught_exception
    raise exc
  File "E:\cnas\server\venv\lib\site-packages\rest_framework\views.py", line 502, in dispatch
    response = handler(request, *args, **kwargs)
  File "E:\cnas\server\venv\lib\site-packages\rest_framework\mixins.py", line 38, in list
    queryset = self.filter_queryset(self.get_queryset())
  File "E:\cnas\server\venv\lib\site-packages\rest_framework\generics.py", line 150, in filter_queryset
    queryset = backend().filter_queryset(self.request, queryset, self)
  File "E:\cnas\server\venv\lib\site-packages\django_filters\rest_framework\backends.py", line 90, in filter_queryset
    filterset = self.get_filterset(request, queryset, view)
  File "E:\cnas\server\venv\lib\site-packages\django_filters\rest_framework\backends.py", line 31, in get_filterset
    filterset_class = self.get_filterset_class(view, queryset)
  File "E:\cnas\server\venv\lib\site-packages\django_filters\rest_framework\backends.py", line 73, in get_filterset_class
    class AutoFilterSet(self.filterset_base):
  File "E:\cnas\server\venv\lib\site-packages\django_filters\filterset.py", line 71, in __new__
    new_class.base_filters = new_class.get_filters()
  File "E:\cnas\server\venv\lib\site-packages\django_filters\filterset.py", line 352, in get_filters
    "%s" % ', '.join(undefined)
TypeError: 'Meta.fields' contains fields that are not defined on this FilterSet: name__contains
[2020-05-07 10:12:10,480] [basehttp.py:157] [basehttp:log_message] [ERROR]- "GET /rbac/user/?page=1&page_size=20 HTTP/1.1" 500 19913
[2020-05-07 10:12:10,693] [basehttp.py:157] [basehttp:log_message] [INFO]- "GET /rbac/role/ HTTP/1.1" 200 217
