[2020-04-16 17:54:58,436] [autoreload.py:598] [autoreload:run_with_reloader] [INFO]- Watching for file changes with StatReloader
[2020-04-16 17:55:35,437] [autoreload.py:222] [autoreload:trigger_reload] [INFO]- E:\cnas\server\server\settings.py changed, reloading.
[2020-04-16 17:55:36,510] [autoreload.py:598] [autoreload:run_with_reloader] [INFO]- Watching for file changes with StatReloader
[2020-04-16 17:55:40,237] [base.py:124] [base:decode] [WARNING]- Session data corrupted
[2020-04-16 17:55:40,364] [log.py:228] [log:log_response] [ERROR]- Internal Server Error: /admin/login/
Traceback (most recent call last):
  File "E:\cnas\server\venv\lib\site-packages\django\core\handlers\exception.py", line 34, in inner
    response = get_response(request)
  File "E:\cnas\server\venv\lib\site-packages\django\core\handlers\base.py", line 115, in _get_response
    response = self.process_exception_by_middleware(e, request)
  File "E:\cnas\server\venv\lib\site-packages\django\core\handlers\base.py", line 113, in _get_response
    response = wrapped_callback(request, *callback_args, **callback_kwargs)
  File "E:\cnas\server\venv\lib\site-packages\django\views\decorators\cache.py", line 44, in _wrapped_view_func
    response = view_func(request, *args, **kwargs)
  File "E:\cnas\server\venv\lib\site-packages\django\contrib\admin\sites.py", line 391, in login
    **self.each_context(request),
  File "E:\cnas\server\venv\lib\site-packages\django\contrib\admin\sites.py", line 310, in each_context
    'available_apps': self.get_app_list(request),
  File "E:\cnas\server\venv\lib\site-packages\django\contrib\admin\sites.py", line 482, in get_app_list
    app_dict = self._build_app_dict(request)
  File "E:\cnas\server\venv\lib\site-packages\django\contrib\admin\sites.py", line 427, in _build_app_dict
    has_module_perms = model_admin.has_module_permission(request)
  File "E:\cnas\server\venv\lib\site-packages\django\contrib\admin\options.py", line 539, in has_module_permission
    return request.user.has_module_perms(self.opts.app_label)
  File "E:\cnas\server\venv\lib\site-packages\django\contrib\auth\models.py", line 453, in has_module_perms
    return _user_has_module_perms(self, module)
  File "E:\cnas\server\venv\lib\site-packages\django\contrib\auth\models.py", line 216, in _user_has_module_perms
    for backend in auth.get_backends():
  File "E:\cnas\server\venv\lib\site-packages\django\contrib\auth\__init__.py", line 37, in get_backends
    return _get_backends(return_tuples=False)
  File "E:\cnas\server\venv\lib\site-packages\django\contrib\auth\__init__.py", line 26, in _get_backends
    backend = load_backend(backend_path)
  File "E:\cnas\server\venv\lib\site-packages\django\contrib\auth\__init__.py", line 20, in load_backend
    return import_string(path)()
  File "E:\cnas\server\venv\lib\site-packages\django\utils\module_loading.py", line 17, in import_string
    module = import_module(module_path)
  File "C:\Basepackage\Python36\lib\importlib\__init__.py", line 126, in import_module
    return _bootstrap._gcd_import(name[level:], package, level)
  File "<frozen importlib._bootstrap>", line 994, in _gcd_import
  File "<frozen importlib._bootstrap>", line 971, in _find_and_load
  File "<frozen importlib._bootstrap>", line 941, in _find_and_load_unlocked
  File "<frozen importlib._bootstrap>", line 219, in _call_with_frames_removed
  File "<frozen importlib._bootstrap>", line 994, in _gcd_import
  File "<frozen importlib._bootstrap>", line 971, in _find_and_load
  File "<frozen importlib._bootstrap>", line 953, in _find_and_load_unlocked
ModuleNotFoundError: No module named 'rbac'
[2020-04-16 17:55:40,374] [basehttp.py:157] [basehttp:log_message] [ERROR]- "GET /admin/login/?next=/admin/ HTTP/1.1" 500 133442
[2020-04-16 17:55:49,091] [log.py:228] [log:log_response] [WARNING]- Not Found: /rbac/user/
[2020-04-16 17:55:49,093] [log.py:228] [log:log_response] [WARNING]- Not Found: /rbac/role/
[2020-04-16 17:55:49,094] [log.py:228] [log:log_response] [WARNING]- Not Found: /rbac/organization/
[2020-04-16 17:55:49,095] [basehttp.py:157] [basehttp:log_message] [WARNING]- "GET /rbac/user/?page=1&page_size=20 HTTP/1.1" 404 1993
[2020-04-16 17:55:49,095] [basehttp.py:157] [basehttp:log_message] [WARNING]- "GET /rbac/role/ HTTP/1.1" 404 1969
[2020-04-16 17:55:49,097] [basehttp.py:157] [basehttp:log_message] [WARNING]- "GET /rbac/organization/ HTTP/1.1" 404 1993
[2020-04-16 17:55:52,757] [log.py:228] [log:log_response] [WARNING]- Not Found: /rbac/organization/
[2020-04-16 17:55:52,758] [basehttp.py:157] [basehttp:log_message] [WARNING]- "GET /rbac/organization/ HTTP/1.1" 404 1993
[2020-04-16 17:57:33,286] [autoreload.py:222] [autoreload:trigger_reload] [INFO]- E:\cnas\server\server\settings.py changed, reloading.
[2020-04-16 17:57:34,351] [autoreload.py:598] [autoreload:run_with_reloader] [INFO]- Watching for file changes with StatReloader
[2020-04-16 17:57:39,947] [autoreload.py:222] [autoreload:trigger_reload] [INFO]- E:\cnas\server\server\settings.py changed, reloading.
[2020-04-16 17:57:41,048] [autoreload.py:598] [autoreload:run_with_reloader] [INFO]- Watching for file changes with StatReloader
[2020-04-16 17:58:02,702] [autoreload.py:222] [autoreload:trigger_reload] [INFO]- E:\cnas\server\server\settings.py changed, reloading.
[2020-04-16 17:58:03,892] [autoreload.py:598] [autoreload:run_with_reloader] [INFO]- Watching for file changes with StatReloader
[2020-04-16 17:58:41,789] [autoreload.py:598] [autoreload:run_with_reloader] [INFO]- Watching for file changes with StatReloader
[2020-04-16 17:58:46,987] [base.py:124] [base:decode] [WARNING]- Session data corrupted
[2020-04-16 17:58:47,198] [log.py:228] [log:log_response] [ERROR]- Internal Server Error: /admin/login/
Traceback (most recent call last):
  File "E:\cnas\server\venv\lib\site-packages\django\core\handlers\exception.py", line 34, in inner
    response = get_response(request)
  File "E:\cnas\server\venv\lib\site-packages\django\core\handlers\base.py", line 115, in _get_response
    response = self.process_exception_by_middleware(e, request)
  File "E:\cnas\server\venv\lib\site-packages\django\core\handlers\base.py", line 113, in _get_response
    response = wrapped_callback(request, *callback_args, **callback_kwargs)
  File "E:\cnas\server\venv\lib\site-packages\django\views\decorators\cache.py", line 44, in _wrapped_view_func
    response = view_func(request, *args, **kwargs)
  File "E:\cnas\server\venv\lib\site-packages\django\contrib\admin\sites.py", line 391, in login
    **self.each_context(request),
  File "E:\cnas\server\venv\lib\site-packages\django\contrib\admin\sites.py", line 310, in each_context
    'available_apps': self.get_app_list(request),
  File "E:\cnas\server\venv\lib\site-packages\django\contrib\admin\sites.py", line 482, in get_app_list
    app_dict = self._build_app_dict(request)
  File "E:\cnas\server\venv\lib\site-packages\django\contrib\admin\sites.py", line 427, in _build_app_dict
    has_module_perms = model_admin.has_module_permission(request)
  File "E:\cnas\server\venv\lib\site-packages\django\contrib\admin\options.py", line 539, in has_module_permission
    return request.user.has_module_perms(self.opts.app_label)
  File "E:\cnas\server\venv\lib\site-packages\django\contrib\auth\models.py", line 453, in has_module_perms
    return _user_has_module_perms(self, module)
  File "E:\cnas\server\venv\lib\site-packages\django\contrib\auth\models.py", line 216, in _user_has_module_perms
    for backend in auth.get_backends():
  File "E:\cnas\server\venv\lib\site-packages\django\contrib\auth\__init__.py", line 37, in get_backends
    return _get_backends(return_tuples=False)
  File "E:\cnas\server\venv\lib\site-packages\django\contrib\auth\__init__.py", line 26, in _get_backends
    backend = load_backend(backend_path)
  File "E:\cnas\server\venv\lib\site-packages\django\contrib\auth\__init__.py", line 20, in load_backend
    return import_string(path)()
  File "E:\cnas\server\venv\lib\site-packages\django\utils\module_loading.py", line 17, in import_string
    module = import_module(module_path)
  File "C:\Basepackage\Python36\lib\importlib\__init__.py", line 126, in import_module
    return _bootstrap._gcd_import(name[level:], package, level)
  File "<frozen importlib._bootstrap>", line 994, in _gcd_import
  File "<frozen importlib._bootstrap>", line 971, in _find_and_load
  File "<frozen importlib._bootstrap>", line 941, in _find_and_load_unlocked
  File "<frozen importlib._bootstrap>", line 219, in _call_with_frames_removed
  File "<frozen importlib._bootstrap>", line 994, in _gcd_import
  File "<frozen importlib._bootstrap>", line 971, in _find_and_load
  File "<frozen importlib._bootstrap>", line 953, in _find_and_load_unlocked
ModuleNotFoundError: No module named 'rbac'
[2020-04-16 17:58:47,208] [basehttp.py:157] [basehttp:log_message] [ERROR]- "GET /admin/login/?next=/admin/ HTTP/1.1" 500 133933
[2020-04-16 17:58:54,045] [base.py:124] [base:decode] [WARNING]- Session data corrupted
[2020-04-16 17:58:54,060] [basehttp.py:157] [basehttp:log_message] [INFO]- "GET /admin/ HTTP/1.1" 302 0
[2020-04-16 17:58:54,151] [base.py:124] [base:decode] [WARNING]- Session data corrupted
[2020-04-16 17:58:54,215] [log.py:228] [log:log_response] [ERROR]- Internal Server Error: /admin/login/
Traceback (most recent call last):
  File "E:\cnas\server\venv\lib\site-packages\django\core\handlers\exception.py", line 34, in inner
    response = get_response(request)
  File "E:\cnas\server\venv\lib\site-packages\django\core\handlers\base.py", line 115, in _get_response
    response = self.process_exception_by_middleware(e, request)
  File "E:\cnas\server\venv\lib\site-packages\django\core\handlers\base.py", line 113, in _get_response
    response = wrapped_callback(request, *callback_args, **callback_kwargs)
  File "E:\cnas\server\venv\lib\site-packages\django\views\decorators\cache.py", line 44, in _wrapped_view_func
    response = view_func(request, *args, **kwargs)
  File "E:\cnas\server\venv\lib\site-packages\django\contrib\admin\sites.py", line 391, in login
    **self.each_context(request),
  File "E:\cnas\server\venv\lib\site-packages\django\contrib\admin\sites.py", line 310, in each_context
    'available_apps': self.get_app_list(request),
  File "E:\cnas\server\venv\lib\site-packages\django\contrib\admin\sites.py", line 482, in get_app_list
    app_dict = self._build_app_dict(request)
  File "E:\cnas\server\venv\lib\site-packages\django\contrib\admin\sites.py", line 427, in _build_app_dict
    has_module_perms = model_admin.has_module_permission(request)
  File "E:\cnas\server\venv\lib\site-packages\django\contrib\admin\options.py", line 539, in has_module_permission
    return request.user.has_module_perms(self.opts.app_label)
  File "E:\cnas\server\venv\lib\site-packages\django\contrib\auth\models.py", line 453, in has_module_perms
    return _user_has_module_perms(self, module)
  File "E:\cnas\server\venv\lib\site-packages\django\contrib\auth\models.py", line 216, in _user_has_module_perms
    for backend in auth.get_backends():
  File "E:\cnas\server\venv\lib\site-packages\django\contrib\auth\__init__.py", line 37, in get_backends
    return _get_backends(return_tuples=False)
  File "E:\cnas\server\venv\lib\site-packages\django\contrib\auth\__init__.py", line 26, in _get_backends
    backend = load_backend(backend_path)
  File "E:\cnas\server\venv\lib\site-packages\django\contrib\auth\__init__.py", line 20, in load_backend
    return import_string(path)()
  File "E:\cnas\server\venv\lib\site-packages\django\utils\module_loading.py", line 17, in import_string
    module = import_module(module_path)
  File "C:\Basepackage\Python36\lib\importlib\__init__.py", line 126, in import_module
    return _bootstrap._gcd_import(name[level:], package, level)
  File "<frozen importlib._bootstrap>", line 994, in _gcd_import
  File "<frozen importlib._bootstrap>", line 971, in _find_and_load
  File "<frozen importlib._bootstrap>", line 941, in _find_and_load_unlocked
  File "<frozen importlib._bootstrap>", line 219, in _call_with_frames_removed
  File "<frozen importlib._bootstrap>", line 994, in _gcd_import
  File "<frozen importlib._bootstrap>", line 971, in _find_and_load
  File "<frozen importlib._bootstrap>", line 953, in _find_and_load_unlocked
ModuleNotFoundError: No module named 'rbac'
[2020-04-16 17:58:54,221] [basehttp.py:157] [basehttp:log_message] [ERROR]- "GET /admin/login/?next=/admin/ HTTP/1.1" 500 133796
[2020-04-16 18:01:49,831] [autoreload.py:222] [autoreload:trigger_reload] [INFO]- E:\cnas\server\server\settings.py changed, reloading.
[2020-04-16 18:01:50,933] [autoreload.py:598] [autoreload:run_with_reloader] [INFO]- Watching for file changes with StatReloader
[2020-04-16 18:01:57,266] [base.py:124] [base:decode] [WARNING]- Session data corrupted
[2020-04-16 18:01:57,474] [basehttp.py:157] [basehttp:log_message] [INFO]- "GET /admin/login/?next=/admin/ HTTP/1.1" 200 1915
[2020-04-16 18:01:57,510] [basehttp.py:157] [basehttp:log_message] [INFO]- "GET /static/admin/css/base.css HTTP/1.1" 304 0
[2020-04-16 18:01:57,510] [basehttp.py:157] [basehttp:log_message] [INFO]- "GET /static/admin/css/login.css HTTP/1.1" 304 0
[2020-04-16 18:01:57,520] [basehttp.py:157] [basehttp:log_message] [INFO]- "GET /static/admin/css/fonts.css HTTP/1.1" 304 0
[2020-04-16 18:01:57,526] [basehttp.py:157] [basehttp:log_message] [INFO]- "GET /static/admin/css/responsive.css HTTP/1.1" 304 0
[2020-04-16 18:01:57,558] [basehttp.py:157] [basehttp:log_message] [INFO]- "GET /static/admin/fonts/Roboto-Light-webfont.woff HTTP/1.1" 304 0
[2020-04-16 18:01:57,558] [basehttp.py:157] [basehttp:log_message] [INFO]- "GET /static/admin/fonts/Roboto-Regular-webfont.woff HTTP/1.1" 304 0
[2020-04-16 18:01:59,216] [base.py:124] [base:decode] [WARNING]- Session data corrupted
[2020-04-16 18:01:59,459] [basehttp.py:157] [basehttp:log_message] [INFO]- "POST /admin/login/?next=/admin/ HTTP/1.1" 302 0
[2020-04-16 18:01:59,614] [basehttp.py:157] [basehttp:log_message] [INFO]- "GET /admin/ HTTP/1.1" 200 7613
[2020-04-16 18:01:59,647] [basehttp.py:157] [basehttp:log_message] [INFO]- "GET /static/admin/css/dashboard.css HTTP/1.1" 200 412
[2020-04-16 18:01:59,662] [basehttp.py:157] [basehttp:log_message] [INFO]- "GET /static/admin/img/icon-addlink.svg HTTP/1.1" 200 331
[2020-04-16 18:01:59,663] [basehttp.py:157] [basehttp:log_message] [INFO]- "GET /static/admin/img/icon-changelink.svg HTTP/1.1" 200 380
[2020-04-16 18:01:59,746] [basehttp.py:157] [basehttp:log_message] [INFO]- "GET /static/admin/fonts/Roboto-Bold-webfont.woff HTTP/1.1" 304 0
[2020-04-16 18:04:22,296] [autoreload.py:222] [autoreload:trigger_reload] [INFO]- E:\cnas\server\server\urls.py changed, reloading.
[2020-04-16 18:04:23,418] [autoreload.py:598] [autoreload:run_with_reloader] [INFO]- Watching for file changes with StatReloader
[2020-04-16 18:04:46,692] [autoreload.py:222] [autoreload:trigger_reload] [INFO]- E:\cnas\server\server\urls.py changed, reloading.
[2020-04-16 18:04:47,751] [autoreload.py:598] [autoreload:run_with_reloader] [INFO]- Watching for file changes with StatReloader
[2020-04-16 18:04:50,739] [basehttp.py:157] [basehttp:log_message] [INFO]- "GET /admin/ HTTP/1.1" 200 7613
[2020-04-16 18:04:50,784] [basehttp.py:157] [basehttp:log_message] [INFO]- "GET /static/admin/css/base.css HTTP/1.1" 304 0
[2020-04-16 18:04:50,785] [basehttp.py:157] [basehttp:log_message] [INFO]- "GET /static/admin/css/dashboard.css HTTP/1.1" 304 0
[2020-04-16 18:04:50,789] [basehttp.py:157] [basehttp:log_message] [INFO]- "GET /static/admin/css/responsive.css HTTP/1.1" 304 0
[2020-04-16 18:04:50,792] [basehttp.py:157] [basehttp:log_message] [INFO]- "GET /static/admin/css/fonts.css HTTP/1.1" 304 0
[2020-04-16 18:04:50,806] [basehttp.py:157] [basehttp:log_message] [INFO]- "GET /static/admin/img/icon-addlink.svg HTTP/1.1" 304 0
[2020-04-16 18:04:50,806] [basehttp.py:157] [basehttp:log_message] [INFO]- "GET /static/admin/img/icon-changelink.svg HTTP/1.1" 304 0
[2020-04-16 18:04:50,819] [basehttp.py:157] [basehttp:log_message] [INFO]- "GET /static/admin/fonts/Roboto-Bold-webfont.woff HTTP/1.1" 304 0
[2020-04-16 18:04:50,819] [basehttp.py:157] [basehttp:log_message] [INFO]- "GET /static/admin/fonts/Roboto-Regular-webfont.woff HTTP/1.1" 304 0
[2020-04-16 18:04:50,819] [basehttp.py:157] [basehttp:log_message] [INFO]- "GET /static/admin/fonts/Roboto-Light-webfont.woff HTTP/1.1" 304 0
[2020-04-16 18:06:28,233] [autoreload.py:598] [autoreload:run_with_reloader] [INFO]- Watching for file changes with StatReloader
[2020-04-16 18:06:32,192] [basehttp.py:157] [basehttp:log_message] [INFO]- "GET /admin/ HTTP/1.1" 200 7613
[2020-04-16 18:06:32,212] [basehttp.py:157] [basehttp:log_message] [INFO]- "GET /static/admin/css/base.css HTTP/1.1" 304 0
[2020-04-16 18:06:32,214] [basehttp.py:157] [basehttp:log_message] [INFO]- "GET /static/admin/css/dashboard.css HTTP/1.1" 304 0
[2020-04-16 18:06:32,219] [basehttp.py:157] [basehttp:log_message] [INFO]- "GET /static/admin/css/responsive.css HTTP/1.1" 304 0
[2020-04-16 18:06:32,221] [basehttp.py:157] [basehttp:log_message] [INFO]- "GET /static/admin/css/fonts.css HTTP/1.1" 304 0
[2020-04-16 18:06:32,233] [basehttp.py:157] [basehttp:log_message] [INFO]- "GET /static/admin/img/icon-addlink.svg HTTP/1.1" 304 0
[2020-04-16 18:06:32,233] [basehttp.py:157] [basehttp:log_message] [INFO]- "GET /static/admin/img/icon-changelink.svg HTTP/1.1" 304 0
[2020-04-16 18:06:32,243] [basehttp.py:157] [basehttp:log_message] [INFO]- "GET /static/admin/fonts/Roboto-Regular-webfont.woff HTTP/1.1" 304 0
[2020-04-16 18:06:32,245] [basehttp.py:157] [basehttp:log_message] [INFO]- "GET /static/admin/fonts/Roboto-Light-webfont.woff HTTP/1.1" 304 0
[2020-04-16 18:06:32,247] [basehttp.py:157] [basehttp:log_message] [INFO]- "GET /static/admin/fonts/Roboto-Bold-webfont.woff HTTP/1.1" 304 0
[2020-04-16 18:06:37,972] [basehttp.py:157] [basehttp:log_message] [INFO]- "GET /rbac/user/info/ HTTP/1.1" 200 73
[2020-04-16 18:06:39,869] [basehttp.py:157] [basehttp:log_message] [INFO]- "OPTIONS /token/ HTTP/1.1" 200 0
[2020-04-16 18:06:42,152] [basehttp.py:157] [basehttp:log_message] [INFO]- "POST /token/ HTTP/1.1" 200 469
[2020-04-16 18:06:42,443] [basehttp.py:157] [basehttp:log_message] [INFO]- "GET /rbac/user/info/ HTTP/1.1" 200 136
[2020-04-16 18:06:44,083] [basehttp.py:157] [basehttp:log_message] [INFO]- "GET /rbac/organization/ HTTP/1.1" 200 798
[2020-04-16 18:06:47,264] [basehttp.py:157] [basehttp:log_message] [INFO]- "GET /rbac/user/?page=1&page_size=20 HTTP/1.1" 200 361
[2020-04-16 18:06:47,336] [basehttp.py:157] [basehttp:log_message] [INFO]- "GET /rbac/organization/ HTTP/1.1" 200 798
[2020-04-16 18:06:47,376] [basehttp.py:157] [basehttp:log_message] [INFO]- "GET /rbac/role/ HTTP/1.1" 200 217
[2020-04-16 18:06:48,523] [basehttp.py:157] [basehttp:log_message] [INFO]- "GET /rbac/permission/ HTTP/1.1" 200 422
[2020-04-16 18:06:48,545] [basehttp.py:157] [basehttp:log_message] [INFO]- "GET /rbac/organization/ HTTP/1.1" 200 798
[2020-04-16 18:06:48,561] [basehttp.py:157] [basehttp:log_message] [INFO]- "GET /rbac/role/ HTTP/1.1" 200 217
[2020-04-16 18:06:58,643] [basehttp.py:157] [basehttp:log_message] [INFO]- "GET /admin/ HTTP/1.1" 200 7613
[2020-04-16 18:07:04,365] [basehttp.py:157] [basehttp:log_message] [INFO]- "GET /admin/rbac/organization/ HTTP/1.1" 200 5347
[2020-04-16 18:07:04,408] [basehttp.py:157] [basehttp:log_message] [INFO]- "GET /static/admin/css/changelists.css HTTP/1.1" 200 6190
[2020-04-16 18:07:04,408] [basehttp.py:157] [basehttp:log_message] [INFO]- "GET /static/admin/js/jquery.init.js HTTP/1.1" 200 363
[2020-04-16 18:07:04,419] [basehttp.py:157] [basehttp:log_message] [INFO]- "GET /static/admin/js/urlify.js HTTP/1.1" 200 8941
[2020-04-16 18:07:04,420] [basehttp.py:157] [basehttp:log_message] [INFO]- "GET /static/admin/js/actions.js HTTP/1.1" 200 6766
[2020-04-16 18:07:04,427] [basehttp.py:157] [basehttp:log_message] [INFO]- "GET /static/admin/js/admin/RelatedObjectLookups.js HTTP/1.1" 200 6918
[2020-04-16 18:07:04,441] [basehttp.py:157] [basehttp:log_message] [INFO]- "GET /static/admin/js/core.js HTTP/1.1" 200 5723
[2020-04-16 18:07:04,477] [basehttp.py:157] [basehttp:log_message] [INFO]- "GET /static/admin/js/prepopulate.js HTTP/1.1" 200 1530
[2020-04-16 18:07:04,478] [basehttp.py:157] [basehttp:log_message] [INFO]- "GET /static/admin/js/vendor/xregexp/xregexp.js HTTP/1.1" 200 128820
[2020-04-16 18:07:04,480] [basehttp.py:157] [basehttp:log_message] [INFO]- "GET /static/admin/js/vendor/jquery/jquery.js HTTP/1.1" 200 280364
[2020-04-16 18:07:04,494] [basehttp.py:157] [basehttp:log_message] [INFO]- "GET /admin/jsi18n/ HTTP/1.1" 200 7722
[2020-04-16 18:07:04,654] [basehttp.py:157] [basehttp:log_message] [INFO]- "GET /static/admin/img/tooltag-add.svg HTTP/1.1" 200 331
[2020-04-16 18:07:06,537] [basehttp.py:157] [basehttp:log_message] [INFO]- "GET /admin/ HTTP/1.1" 200 7613
[2020-04-16 18:07:07,461] [basehttp.py:157] [basehttp:log_message] [INFO]- "GET /admin/rbac/permission/ HTTP/1.1" 200 4640
[2020-04-16 18:07:07,584] [basehttp.py:157] [basehttp:log_message] [INFO]- "GET /admin/jsi18n/ HTTP/1.1" 200 7722
[2020-04-16 18:07:09,203] [basehttp.py:157] [basehttp:log_message] [INFO]- "GET /admin/ HTTP/1.1" 200 7613
[2020-04-16 18:07:13,727] [basehttp.py:157] [basehttp:log_message] [INFO]- "GET /admin/rbac/role/ HTTP/1.1" 200 4332
[2020-04-16 18:07:13,849] [basehttp.py:157] [basehttp:log_message] [INFO]- "GET /admin/jsi18n/ HTTP/1.1" 200 7722
[2020-04-16 18:07:15,601] [basehttp.py:157] [basehttp:log_message] [INFO]- "GET /admin/ HTTP/1.1" 200 7613
[2020-04-16 18:09:58,567] [basehttp.py:157] [basehttp:log_message] [INFO]- "GET /docs/ HTTP/1.1" 200 249483
[2020-04-16 18:09:58,599] [basehttp.py:157] [basehttp:log_message] [INFO]- "GET /static/rest_framework/css/bootstrap.min.css HTTP/1.1" 200 121457
[2020-04-16 18:09:58,604] [basehttp.py:157] [basehttp:log_message] [INFO]- "GET /static/rest_framework/docs/css/base.css HTTP/1.1" 200 6147
[2020-04-16 18:09:58,605] [basehttp.py:157] [basehttp:log_message] [INFO]- "GET /static/rest_framework/css/bootstrap-theme.min.css HTTP/1.1" 200 23411
[2020-04-16 18:09:58,607] [basehttp.py:157] [basehttp:log_message] [INFO]- "GET /static/rest_framework/css/font-awesome-4.0.3.css HTTP/1.1" 200 21658
[2020-04-16 18:09:58,619] [basehttp.py:157] [basehttp:log_message] [INFO]- "GET /static/rest_framework/docs/css/jquery.json-view.min.css HTTP/1.1" 200 1307
[2020-04-16 18:09:58,622] [basehttp.py:157] [basehttp:log_message] [INFO]- "GET /static/rest_framework/js/coreapi-0.1.1.js HTTP/1.1" 200 157600
[2020-04-16 18:09:58,666] [basehttp.py:157] [basehttp:log_message] [INFO]- "GET /docs/schema.js HTTP/1.1" 200 37380
[2020-04-16 18:09:58,707] [basehttp.py:157] [basehttp:log_message] [INFO]- "GET /static/rest_framework/fonts/fontawesome-webfont.woff?v=4.0.3 HTTP/1.1" 200 44432
[2020-04-16 18:09:58,717] [basehttp.py:157] [basehttp:log_message] [INFO]- "GET /static/rest_framework/docs/js/jquery.json-view.min.js HTTP/1.1" 200 2700
[2020-04-16 18:09:58,718] [basehttp.py:157] [basehttp:log_message] [INFO]- "GET /static/rest_framework/docs/js/api.js HTTP/1.1" 200 10539
[2020-04-16 18:09:58,720] [basehttp.py:157] [basehttp:log_message] [INFO]- "GET /static/rest_framework/js/jquery-3.4.1.min.js HTTP/1.1" 200 88145
[2020-04-16 18:09:58,721] [basehttp.py:157] [basehttp:log_message] [INFO]- "GET /static/rest_framework/js/bootstrap.min.js HTTP/1.1" 200 39680
[2020-04-16 18:10:15,553] [basehttp.py:157] [basehttp:log_message] [INFO]- "GET /rbac/ HTTP/1.1" 200 6018
[2020-04-16 18:10:15,604] [basehttp.py:157] [basehttp:log_message] [INFO]- "GET /static/rest_framework/css/prettify.css HTTP/1.1" 200 817
[2020-04-16 18:10:15,607] [basehttp.py:157] [basehttp:log_message] [INFO]- "GET /static/rest_framework/js/prettify-min.js HTTP/1.1" 200 13632
[2020-04-16 18:10:15,611] [basehttp.py:157] [basehttp:log_message] [INFO]- "GET /static/rest_framework/js/csrf.js HTTP/1.1" 200 1719
[2020-04-16 18:10:15,605] [basehttp.py:157] [basehttp:log_message] [INFO]- "GET /static/rest_framework/css/default.css HTTP/1.1" 200 1131
[2020-04-16 18:10:15,607] [basehttp.py:157] [basehttp:log_message] [INFO]- "GET /static/rest_framework/css/bootstrap-tweaks.css HTTP/1.1" 200 3385
[2020-04-16 18:10:15,606] [basehttp.py:157] [basehttp:log_message] [INFO]- "GET /static/rest_framework/js/ajax-form.js HTTP/1.1" 200 3597
[2020-04-16 18:10:15,626] [basehttp.py:157] [basehttp:log_message] [INFO]- "GET /static/rest_framework/js/default.js HTTP/1.1" 200 1268
[2020-04-16 18:10:15,642] [basehttp.py:157] [basehttp:log_message] [INFO]- "GET /static/rest_framework/img/grid.png HTTP/1.1" 200 1458
[2020-04-16 18:10:29,181] [basehttp.py:157] [basehttp:log_message] [INFO]- "GET /rbac/user HTTP/1.1" 301 0
[2020-04-16 18:10:29,391] [basehttp.py:157] [basehttp:log_message] [INFO]- "GET /rbac/user/ HTTP/1.1" 200 15268
[2020-04-16 18:10:29,482] [basehttp.py:157] [basehttp:log_message] [INFO]- "GET /static/rest_framework/fonts/glyphicons-halflings-regular.woff2 HTTP/1.1" 200 18028
[2020-04-16 18:10:42,245] [basehttp.py:157] [basehttp:log_message] [INFO]- "GET /docs/ HTTP/1.1" 200 249483
[2020-04-16 18:10:42,318] [basehttp.py:157] [basehttp:log_message] [INFO]- "GET /docs/schema.js HTTP/1.1" 200 37380
[2020-04-16 19:50:56,790] [basehttp.py:157] [basehttp:log_message] [INFO]- "OPTIONS /rbac/user/?page=1&page_size=20 HTTP/1.1" 200 0
[2020-04-16 19:50:56,791] [basehttp.py:157] [basehttp:log_message] [INFO]- "OPTIONS /rbac/organization/ HTTP/1.1" 200 0
[2020-04-16 19:50:56,792] [basehttp.py:157] [basehttp:log_message] [INFO]- "OPTIONS /rbac/role/ HTTP/1.1" 200 0
[2020-04-16 19:50:56,904] [basehttp.py:157] [basehttp:log_message] [INFO]- "GET /rbac/organization/ HTTP/1.1" 200 798
[2020-04-16 19:50:56,943] [basehttp.py:157] [basehttp:log_message] [INFO]- "GET /rbac/role/ HTTP/1.1" 200 217
[2020-04-16 19:50:56,949] [basehttp.py:157] [basehttp:log_message] [INFO]- "GET /rbac/user/?page=1&page_size=20 HTTP/1.1" 200 361
[2020-04-16 20:03:45,352] [autoreload.py:222] [autoreload:trigger_reload] [INFO]- E:\cnas\server\server\settings.py changed, reloading.
[2020-04-16 20:03:47,688] [autoreload.py:598] [autoreload:run_with_reloader] [INFO]- Watching for file changes with StatReloader
[2020-04-16 20:03:50,263] [autoreload.py:222] [autoreload:trigger_reload] [INFO]- E:\cnas\server\server\settings.py changed, reloading.
[2020-04-16 20:03:51,365] [autoreload.py:598] [autoreload:run_with_reloader] [INFO]- Watching for file changes with StatReloader
[2020-04-16 20:05:48,652] [autoreload.py:222] [autoreload:trigger_reload] [INFO]- E:\cnas\server\server\wsgi.py changed, reloading.
[2020-04-16 20:05:49,770] [autoreload.py:598] [autoreload:run_with_reloader] [INFO]- Watching for file changes with StatReloader
[2020-04-16 20:05:53,949] [autoreload.py:222] [autoreload:trigger_reload] [INFO]- E:\cnas\server\manage.py changed, reloading.
[2020-04-16 20:05:56,085] [autoreload.py:598] [autoreload:run_with_reloader] [INFO]- Watching for file changes with StatReloader
[2020-04-16 20:12:55,179] [autoreload.py:598] [autoreload:run_with_reloader] [INFO]- Watching for file changes with StatReloader
