[2020-05-28 17:15:50,574] [autoreload.py:598] [autoreload:run_with_reloader] [INFO]- Watching for file changes with StatReloader
[2020-05-28 17:16:29,847] [autoreload.py:598] [autoreload:run_with_reloader] [INFO]- Watching for file changes with StatReloader
[2020-05-28 17:17:40,425] [basehttp.py:157] [basehttp:log_message] [INFO]- "OPTIONS /system/user/info/ HTTP/1.1" 200 0
[2020-05-28 17:17:40,433] [basehttp.py:157] [basehttp:log_message] [INFO]- "OPTIONS /system/user/info/ HTTP/1.1" 200 0
[2020-05-28 17:17:41,574] [basehttp.py:157] [basehttp:log_message] [INFO]- "GET /system/user/info/ HTTP/1.1" 200 136
[2020-05-28 17:17:41,591] [basehttp.py:157] [basehttp:log_message] [INFO]- "GET /system/user/info/ HTTP/1.1" 200 136
[2020-05-28 17:17:46,727] [basehttp.py:157] [basehttp:log_message] [INFO]- "OPTIONS /system/user/info/ HTTP/1.1" 200 0
[2020-05-28 17:17:46,759] [basehttp.py:157] [basehttp:log_message] [INFO]- "GET /system/user/info/ HTTP/1.1" 200 136
[2020-05-28 17:17:48,996] [basehttp.py:157] [basehttp:log_message] [INFO]- "GET /media/default/avatar.png?imageView2/1/w/80/h/80 HTTP/1.0" 304 0
[2020-05-28 17:17:53,032] [basehttp.py:157] [basehttp:log_message] [INFO]- "OPTIONS /file/?page=1&page_size=20 HTTP/1.1" 200 0
[2020-05-28 17:17:53,116] [basehttp.py:157] [basehttp:log_message] [INFO]- "GET /file/?page=1&page_size=20 HTTP/1.1" 200 83
[2020-05-28 17:17:55,905] [basehttp.py:157] [basehttp:log_message] [INFO]- "OPTIONS /system/permission/ HTTP/1.1" 200 0
[2020-05-28 17:17:59,170] [basehttp.py:157] [basehttp:log_message] [INFO]- "GET /system/permission/ HTTP/1.1" 200 5757
[2020-05-28 17:18:05,339] [basehttp.py:157] [basehttp:log_message] [INFO]- "OPTIONS /system/user/?page=1&page_size=20 HTTP/1.1" 200 0
[2020-05-28 17:18:05,348] [basehttp.py:157] [basehttp:log_message] [INFO]- "OPTIONS /system/organization/ HTTP/1.1" 200 0
[2020-05-28 17:18:05,356] [basehttp.py:157] [basehttp:log_message] [INFO]- "OPTIONS /system/role/ HTTP/1.1" 200 0
[2020-05-28 17:18:05,379] [basehttp.py:157] [basehttp:log_message] [INFO]- "GET /system/user/?page=1&page_size=20 HTTP/1.1" 200 527
[2020-05-28 17:18:05,395] [basehttp.py:157] [basehttp:log_message] [INFO]- "GET /system/organization/ HTTP/1.1" 200 467
[2020-05-28 17:18:05,415] [basehttp.py:157] [basehttp:log_message] [INFO]- "GET /system/role/ HTTP/1.1" 200 225
[2020-05-28 17:18:07,582] [basehttp.py:157] [basehttp:log_message] [INFO]- "OPTIONS /system/user/?page=1&page_size=20&dept=2 HTTP/1.1" 200 0
[2020-05-28 17:18:07,619] [basehttp.py:157] [basehttp:log_message] [INFO]- "GET /system/user/?page=1&page_size=20&dept=2 HTTP/1.1" 200 83
[2020-05-28 17:18:08,134] [basehttp.py:157] [basehttp:log_message] [INFO]- "OPTIONS /system/user/?page=1&page_size=20&dept=3 HTTP/1.1" 200 0
[2020-05-28 17:18:08,152] [basehttp.py:157] [basehttp:log_message] [INFO]- "GET /system/user/?page=1&page_size=20&dept=3 HTTP/1.1" 200 83
[2020-05-28 17:18:08,910] [basehttp.py:157] [basehttp:log_message] [INFO]- "OPTIONS /system/user/?page=1&page_size=20&dept=1 HTTP/1.1" 200 0
[2020-05-28 17:18:08,936] [basehttp.py:157] [basehttp:log_message] [INFO]- "GET /system/user/?page=1&page_size=20&dept=1 HTTP/1.1" 200 307
[2020-05-28 17:20:13,575] [basehttp.py:157] [basehttp:log_message] [INFO]- "OPTIONS /system/dict/?page=1&page_size=20 HTTP/1.1" 200 0
[2020-05-28 17:20:13,584] [basehttp.py:157] [basehttp:log_message] [INFO]- "OPTIONS /system/dicttype/ HTTP/1.1" 200 0
[2020-05-28 17:20:13,598] [basehttp.py:157] [basehttp:log_message] [INFO]- "GET /system/dict/?page=1&page_size=20 HTTP/1.1" 200 83
[2020-05-28 17:20:13,615] [basehttp.py:157] [basehttp:log_message] [INFO]- "GET /system/dicttype/ HTTP/1.1" 200 184
[2020-05-28 17:20:15,503] [basehttp.py:157] [basehttp:log_message] [INFO]- "OPTIONS /system/dict/?page=1&page_size=20&type=1 HTTP/1.1" 200 0
[2020-05-28 17:20:15,516] [basehttp.py:157] [basehttp:log_message] [INFO]- "GET /system/dict/?page=1&page_size=20&type=1 HTTP/1.1" 200 83
[2020-05-28 17:20:21,156] [basehttp.py:157] [basehttp:log_message] [INFO]- "GET /system/organization/ HTTP/1.1" 200 467
[2020-05-28 17:20:21,174] [basehttp.py:157] [basehttp:log_message] [INFO]- "GET /system/role/ HTTP/1.1" 200 225
[2020-05-28 17:20:21,175] [basehttp.py:157] [basehttp:log_message] [INFO]- "GET /system/user/?page=1&page_size=20 HTTP/1.1" 200 527
[2020-05-28 17:24:05,969] [basehttp.py:157] [basehttp:log_message] [INFO]- "GET /system/dict/?page=1&page_size=20 HTTP/1.1" 200 83
[2020-05-28 17:24:05,969] [basehttp.py:157] [basehttp:log_message] [INFO]- "GET /system/dicttype/ HTTP/1.1" 200 184
[2020-05-28 17:24:06,802] [basehttp.py:157] [basehttp:log_message] [INFO]- "GET /system/dict/?page=1&page_size=20&type=1 HTTP/1.1" 200 83
[2020-05-28 17:24:29,289] [basehttp.py:157] [basehttp:log_message] [INFO]- "GET /docs/ HTTP/1.1" 200 383492
[2020-05-28 17:24:29,579] [basehttp.py:157] [basehttp:log_message] [INFO]- "GET /docs/schema.js HTTP/1.1" 200 61940
