[2021-05-28 14:21:46,338] [autoreload.py:617] [autoreload:run_with_reloader] [INFO]- Watching for file changes with StatReloader
[2021-05-28 14:22:05,334] [log.py:224] [log:log_response] [ERROR]- Internal Server Error: /monitor/server/
Traceback (most recent call last):
  File "D:\Projects\django-vue-admin\server\venv\lib\site-packages\django\core\handlers\exception.py", line 47, in inner
    response = get_response(request)
  File "D:\Projects\django-vue-admin\server\venv\lib\site-packages\django\core\handlers\base.py", line 181, in _get_response
    response = wrapped_callback(request, *callback_args, **callback_kwargs)
  File "D:\Projects\django-vue-admin\server\venv\lib\site-packages\django\views\decorators\csrf.py", line 54, in wrapped_view
    return view_func(*args, **kwargs)
  File "D:\Projects\django-vue-admin\server\venv\lib\site-packages\django\views\generic\base.py", line 70, in view
    return self.dispatch(request, *args, **kwargs)
  File "D:\Projects\django-vue-admin\server\venv\lib\site-packages\rest_framework\views.py", line 509, in dispatch
    response = self.handle_exception(exc)
  File "D:\Projects\django-vue-admin\server\venv\lib\site-packages\rest_framework\views.py", line 469, in handle_exception
    self.raise_uncaught_exception(exc)
  File "D:\Projects\django-vue-admin\server\venv\lib\site-packages\rest_framework\views.py", line 480, in raise_uncaught_exception
    raise exc
  File "D:\Projects\django-vue-admin\server\venv\lib\site-packages\rest_framework\views.py", line 506, in dispatch
    response = handler(request, *args, **kwargs)
  File "D:\Projects\django-vue-admin\server\apps\monitor\views.py", line 28, in get
    print(x)
NameError: name 'x' is not defined
[2021-05-28 14:22:05,340] [basehttp.py:157] [basehttp:log_message] [ERROR]- "GET /monitor/server/ HTTP/1.1" 500 19534
[2021-05-28 14:33:07,485] [autoreload.py:240] [autoreload:trigger_reload] [INFO]- D:\Projects\django-vue-admin\server\apps\monitor\views.py changed, reloading.
[2021-05-28 14:33:08,581] [autoreload.py:617] [autoreload:run_with_reloader] [INFO]- Watching for file changes with StatReloader
[2021-05-28 14:33:20,594] [autoreload.py:240] [autoreload:trigger_reload] [INFO]- D:\Projects\django-vue-admin\server\apps\monitor\views.py changed, reloading.
[2021-05-28 14:33:21,633] [autoreload.py:617] [autoreload:run_with_reloader] [INFO]- Watching for file changes with StatReloader
[2021-05-28 14:33:24,104] [autoreload.py:240] [autoreload:trigger_reload] [INFO]- D:\Projects\django-vue-admin\server\apps\monitor\views.py changed, reloading.
[2021-05-28 14:33:25,148] [autoreload.py:617] [autoreload:run_with_reloader] [INFO]- Watching for file changes with StatReloader
[2021-05-28 14:37:04,258] [autoreload.py:240] [autoreload:trigger_reload] [INFO]- D:\Projects\django-vue-admin\server\apps\monitor\views.py changed, reloading.
[2021-05-28 14:37:05,300] [autoreload.py:617] [autoreload:run_with_reloader] [INFO]- Watching for file changes with StatReloader
[2021-05-28 14:37:35,224] [autoreload.py:240] [autoreload:trigger_reload] [INFO]- D:\Projects\django-vue-admin\server\apps\monitor\views.py changed, reloading.
[2021-05-28 14:37:36,346] [autoreload.py:617] [autoreload:run_with_reloader] [INFO]- Watching for file changes with StatReloader
[2021-05-28 14:39:36,095] [autoreload.py:240] [autoreload:trigger_reload] [INFO]- D:\Projects\django-vue-admin\server\apps\monitor\views.py changed, reloading.
[2021-05-28 14:39:37,148] [autoreload.py:617] [autoreload:run_with_reloader] [INFO]- Watching for file changes with StatReloader
[2021-05-28 14:41:25,135] [autoreload.py:240] [autoreload:trigger_reload] [INFO]- D:\Projects\django-vue-admin\server\apps\monitor\urls.py changed, reloading.
[2021-05-28 14:41:26,176] [autoreload.py:617] [autoreload:run_with_reloader] [INFO]- Watching for file changes with StatReloader
[2021-05-28 14:41:43,345] [autoreload.py:240] [autoreload:trigger_reload] [INFO]- D:\Projects\django-vue-admin\server\apps\monitor\urls.py changed, reloading.
[2021-05-28 14:41:44,452] [autoreload.py:617] [autoreload:run_with_reloader] [INFO]- Watching for file changes with StatReloader
[2021-05-28 14:41:55,375] [autoreload.py:240] [autoreload:trigger_reload] [INFO]- D:\Projects\django-vue-admin\server\apps\monitor\views.py changed, reloading.
[2021-05-28 14:41:56,447] [autoreload.py:617] [autoreload:run_with_reloader] [INFO]- Watching for file changes with StatReloader
[2021-05-28 14:42:20,040] [autoreload.py:240] [autoreload:trigger_reload] [INFO]- D:\Projects\django-vue-admin\server\apps\monitor\urls.py changed, reloading.
[2021-05-28 14:42:21,134] [autoreload.py:617] [autoreload:run_with_reloader] [INFO]- Watching for file changes with StatReloader
[2021-05-28 14:42:26,240] [basehttp.py:157] [basehttp:log_message] [INFO]- "GET /swagger/ HTTP/1.1" 200 2460
[2021-05-28 14:42:26,265] [basehttp.py:157] [basehttp:log_message] [INFO]- "GET /static/drf-yasg/swagger-ui-dist/swagger-ui-bundle.js HTTP/1.1" 304 0
[2021-05-28 14:42:26,268] [basehttp.py:157] [basehttp:log_message] [INFO]- "GET /static/drf-yasg/swagger-ui-dist/swagger-ui-standalone-preset.js HTTP/1.1" 304 0
[2021-05-28 14:42:26,272] [basehttp.py:157] [basehttp:log_message] [INFO]- "GET /static/drf-yasg/immutable.min.js HTTP/1.1" 304 0
[2021-05-28 14:42:26,273] [basehttp.py:157] [basehttp:log_message] [INFO]- "GET /static/drf-yasg/url-polyfill.min.js HTTP/1.1" 304 0
[2021-05-28 14:42:26,273] [basehttp.py:157] [basehttp:log_message] [INFO]- "GET /static/drf-yasg/insQ.min.js HTTP/1.1" 304 0
[2021-05-28 14:42:26,276] [basehttp.py:157] [basehttp:log_message] [INFO]- "GET /static/drf-yasg/swagger-ui-init.js HTTP/1.1" 304 0
[2021-05-28 14:42:26,436] [basehttp.py:157] [basehttp:log_message] [INFO]- "GET /swagger/?format=openapi HTTP/1.1" 200 44210
[2021-05-28 14:42:33,872] [log.py:224] [log:log_response] [ERROR]- Internal Server Error: /monitor/log/
Traceback (most recent call last):
  File "D:\Projects\django-vue-admin\server\venv\lib\site-packages\django\core\handlers\exception.py", line 47, in inner
    response = get_response(request)
  File "D:\Projects\django-vue-admin\server\venv\lib\site-packages\django\core\handlers\base.py", line 181, in _get_response
    response = wrapped_callback(request, *callback_args, **callback_kwargs)
  File "D:\Projects\django-vue-admin\server\venv\lib\site-packages\django\views\decorators\csrf.py", line 54, in wrapped_view
    return view_func(*args, **kwargs)
  File "D:\Projects\django-vue-admin\server\venv\lib\site-packages\rest_framework\viewsets.py", line 125, in view
    return self.dispatch(request, *args, **kwargs)
  File "D:\Projects\django-vue-admin\server\venv\lib\site-packages\rest_framework\views.py", line 511, in dispatch
    self.response = self.finalize_response(request, response, *args, **kwargs)
  File "D:\Projects\django-vue-admin\server\venv\lib\site-packages\rest_framework\views.py", line 423, in finalize_response
    assert isinstance(response, HttpResponseBase), (
AssertionError: Expected a `Response`, `HttpResponse` or `HttpStreamingResponse` to be returned from the view, but received a `<class 'NoneType'>`
[2021-05-28 14:42:33,875] [basehttp.py:157] [basehttp:log_message] [ERROR]- "GET /monitor/log/ HTTP/1.1" 500 19391
[2021-05-28 14:45:06,925] [autoreload.py:240] [autoreload:trigger_reload] [INFO]- D:\Projects\django-vue-admin\server\apps\monitor\views.py changed, reloading.
[2021-05-28 14:45:08,022] [autoreload.py:617] [autoreload:run_with_reloader] [INFO]- Watching for file changes with StatReloader
[2021-05-28 14:46:45,736] [autoreload.py:240] [autoreload:trigger_reload] [INFO]- D:\Projects\django-vue-admin\server\apps\monitor\views.py changed, reloading.
[2021-05-28 14:46:46,880] [autoreload.py:617] [autoreload:run_with_reloader] [INFO]- Watching for file changes with StatReloader
[2021-05-28 14:47:27,333] [autoreload.py:240] [autoreload:trigger_reload] [INFO]- D:\Projects\django-vue-admin\server\apps\monitor\views.py changed, reloading.
[2021-05-28 14:47:28,416] [autoreload.py:617] [autoreload:run_with_reloader] [INFO]- Watching for file changes with StatReloader
[2021-05-28 14:47:52,306] [log.py:224] [log:log_response] [ERROR]- Internal Server Error: /monitor/log/
Traceback (most recent call last):
  File "D:\Projects\django-vue-admin\server\venv\lib\site-packages\django\core\handlers\exception.py", line 47, in inner
    response = get_response(request)
  File "D:\Projects\django-vue-admin\server\venv\lib\site-packages\django\core\handlers\base.py", line 181, in _get_response
    response = wrapped_callback(request, *callback_args, **callback_kwargs)
  File "D:\Projects\django-vue-admin\server\venv\lib\site-packages\django\views\decorators\csrf.py", line 54, in wrapped_view
    return view_func(*args, **kwargs)
  File "D:\Projects\django-vue-admin\server\venv\lib\site-packages\rest_framework\viewsets.py", line 125, in view
    return self.dispatch(request, *args, **kwargs)
  File "D:\Projects\django-vue-admin\server\venv\lib\site-packages\rest_framework\views.py", line 509, in dispatch
    response = self.handle_exception(exc)
  File "D:\Projects\django-vue-admin\server\venv\lib\site-packages\rest_framework\views.py", line 469, in handle_exception
    self.raise_uncaught_exception(exc)
  File "D:\Projects\django-vue-admin\server\venv\lib\site-packages\rest_framework\views.py", line 480, in raise_uncaught_exception
    raise exc
  File "D:\Projects\django-vue-admin\server\venv\lib\site-packages\rest_framework\views.py", line 506, in dispatch
    response = handler(request, *args, **kwargs)
  File "D:\Projects\django-vue-admin\server\apps\monitor\views.py", line 40, in list
    if file.size:
AttributeError: 'str' object has no attribute 'size'
[2021-05-28 14:47:52,310] [basehttp.py:157] [basehttp:log_message] [ERROR]- "GET /monitor/log/ HTTP/1.1" 500 19563
[2021-05-28 14:50:18,167] [autoreload.py:240] [autoreload:trigger_reload] [INFO]- D:\Projects\django-vue-admin\server\apps\monitor\views.py changed, reloading.
[2021-05-28 14:50:19,218] [autoreload.py:617] [autoreload:run_with_reloader] [INFO]- Watching for file changes with StatReloader
[2021-05-28 14:52:29,559] [autoreload.py:240] [autoreload:trigger_reload] [INFO]- D:\Projects\django-vue-admin\server\apps\monitor\views.py changed, reloading.
[2021-05-28 14:52:30,666] [autoreload.py:617] [autoreload:run_with_reloader] [INFO]- Watching for file changes with StatReloader
[2021-05-28 14:52:36,154] [basehttp.py:157] [basehttp:log_message] [INFO]- "GET /monitor/log/ HTTP/1.1" 200 267
[2021-05-28 14:53:14,566] [autoreload.py:240] [autoreload:trigger_reload] [INFO]- D:\Projects\django-vue-admin\server\apps\monitor\views.py changed, reloading.
[2021-05-28 14:53:15,677] [autoreload.py:617] [autoreload:run_with_reloader] [INFO]- Watching for file changes with StatReloader
[2021-05-28 14:53:47,557] [basehttp.py:157] [basehttp:log_message] [INFO]- "GET /file/ HTTP/1.1" 200 83
[2021-05-28 14:54:01,822] [basehttp.py:157] [basehttp:log_message] [INFO]- "GET /monitor/log/ HTTP/1.1" 200 265
[2021-05-28 14:56:41,970] [basehttp.py:157] [basehttp:log_message] [INFO]- "GET /swagger/ HTTP/1.1" 200 2460
[2021-05-28 14:56:41,993] [basehttp.py:157] [basehttp:log_message] [INFO]- "GET /static/drf-yasg/swagger-ui-dist/swagger-ui-bundle.js HTTP/1.1" 304 0
[2021-05-28 14:56:41,998] [basehttp.py:157] [basehttp:log_message] [INFO]- "GET /static/drf-yasg/swagger-ui-dist/swagger-ui-standalone-preset.js HTTP/1.1" 304 0
[2021-05-28 14:56:41,999] [basehttp.py:157] [basehttp:log_message] [INFO]- "GET /static/drf-yasg/swagger-ui-init.js HTTP/1.1" 304 0
[2021-05-28 14:56:41,999] [basehttp.py:157] [basehttp:log_message] [INFO]- "GET /static/drf-yasg/insQ.min.js HTTP/1.1" 304 0
[2021-05-28 14:56:42,000] [basehttp.py:157] [basehttp:log_message] [INFO]- "GET /static/drf-yasg/immutable.min.js HTTP/1.1" 304 0
[2021-05-28 14:56:42,001] [basehttp.py:157] [basehttp:log_message] [INFO]- "GET /static/drf-yasg/url-polyfill.min.js HTTP/1.1" 304 0
[2021-05-28 14:56:42,155] [basehttp.py:157] [basehttp:log_message] [INFO]- "GET /swagger/?format=openapi HTTP/1.1" 200 44236
[2021-05-28 15:00:27,044] [autoreload.py:240] [autoreload:trigger_reload] [INFO]- D:\Projects\django-vue-admin\server\apps\monitor\views.py changed, reloading.
[2021-05-28 15:00:28,108] [autoreload.py:617] [autoreload:run_with_reloader] [INFO]- Watching for file changes with StatReloader
[2021-05-28 15:03:14,529] [autoreload.py:240] [autoreload:trigger_reload] [INFO]- D:\Projects\django-vue-admin\server\apps\monitor\views.py changed, reloading.
[2021-05-28 15:03:15,630] [autoreload.py:617] [autoreload:run_with_reloader] [INFO]- Watching for file changes with StatReloader
[2021-05-28 15:03:33,927] [autoreload.py:240] [autoreload:trigger_reload] [INFO]- D:\Projects\django-vue-admin\server\apps\monitor\views.py changed, reloading.
[2021-05-28 15:03:34,962] [autoreload.py:617] [autoreload:run_with_reloader] [INFO]- Watching for file changes with StatReloader
[2021-05-28 15:05:51,762] [autoreload.py:240] [autoreload:trigger_reload] [INFO]- D:\Projects\django-vue-admin\server\apps\monitor\views.py changed, reloading.
[2021-05-28 15:05:52,859] [autoreload.py:617] [autoreload:run_with_reloader] [INFO]- Watching for file changes with StatReloader
[2021-05-28 15:06:10,229] [autoreload.py:240] [autoreload:trigger_reload] [INFO]- D:\Projects\django-vue-admin\server\apps\monitor\views.py changed, reloading.
[2021-05-28 15:06:11,260] [autoreload.py:617] [autoreload:run_with_reloader] [INFO]- Watching for file changes with StatReloader
[2021-05-28 15:06:15,023] [basehttp.py:157] [basehttp:log_message] [INFO]- "GET /swagger/ HTTP/1.1" 200 2460
[2021-05-28 15:06:15,048] [basehttp.py:157] [basehttp:log_message] [INFO]- "GET /static/drf-yasg/swagger-ui-dist/swagger-ui-bundle.js HTTP/1.1" 304 0
[2021-05-28 15:06:15,051] [basehttp.py:157] [basehttp:log_message] [INFO]- "GET /static/drf-yasg/swagger-ui-init.js HTTP/1.1" 304 0
[2021-05-28 15:06:15,053] [basehttp.py:157] [basehttp:log_message] [INFO]- "GET /static/drf-yasg/immutable.min.js HTTP/1.1" 304 0
[2021-05-28 15:06:15,053] [basehttp.py:157] [basehttp:log_message] [INFO]- "GET /static/drf-yasg/swagger-ui-dist/swagger-ui-standalone-preset.js HTTP/1.1" 304 0
[2021-05-28 15:06:15,054] [basehttp.py:157] [basehttp:log_message] [INFO]- "GET /static/drf-yasg/insQ.min.js HTTP/1.1" 304 0
[2021-05-28 15:06:15,055] [basehttp.py:157] [basehttp:log_message] [INFO]- "GET /static/drf-yasg/url-polyfill.min.js HTTP/1.1" 304 0
[2021-05-28 15:06:15,218] [basehttp.py:157] [basehttp:log_message] [INFO]- "GET /swagger/?format=openapi HTTP/1.1" 200 44236
[2021-05-28 15:06:23,567] [log.py:224] [log:log_response] [ERROR]- Internal Server Error: /monitor/log/
Traceback (most recent call last):
  File "D:\Projects\django-vue-admin\server\venv\lib\site-packages\django\core\handlers\exception.py", line 47, in inner
    response = get_response(request)
  File "D:\Projects\django-vue-admin\server\venv\lib\site-packages\django\core\handlers\base.py", line 181, in _get_response
    response = wrapped_callback(request, *callback_args, **callback_kwargs)
  File "D:\Projects\django-vue-admin\server\venv\lib\site-packages\django\views\decorators\csrf.py", line 54, in wrapped_view
    return view_func(*args, **kwargs)
  File "D:\Projects\django-vue-admin\server\venv\lib\site-packages\rest_framework\viewsets.py", line 125, in view
    return self.dispatch(request, *args, **kwargs)
  File "D:\Projects\django-vue-admin\server\venv\lib\site-packages\rest_framework\views.py", line 509, in dispatch
    response = self.handle_exception(exc)
  File "D:\Projects\django-vue-admin\server\venv\lib\site-packages\rest_framework\views.py", line 469, in handle_exception
    self.raise_uncaught_exception(exc)
  File "D:\Projects\django-vue-admin\server\venv\lib\site-packages\rest_framework\views.py", line 480, in raise_uncaught_exception
    raise exc
  File "D:\Projects\django-vue-admin\server\venv\lib\site-packages\rest_framework\views.py", line 506, in dispatch
    response = handler(request, *args, **kwargs)
  File "D:\Projects\django-vue-admin\server\apps\monitor\views.py", line 40, in list
    if len(logs>50):break
TypeError: '>' not supported between instances of 'list' and 'int'
[2021-05-28 15:06:23,570] [basehttp.py:157] [basehttp:log_message] [ERROR]- "GET /monitor/log/ HTTP/1.1" 500 19599
[2021-05-28 15:06:48,886] [autoreload.py:240] [autoreload:trigger_reload] [INFO]- D:\Projects\django-vue-admin\server\apps\monitor\views.py changed, reloading.
[2021-05-28 15:06:49,985] [autoreload.py:617] [autoreload:run_with_reloader] [INFO]- Watching for file changes with StatReloader
[2021-05-28 15:06:55,720] [basehttp.py:157] [basehttp:log_message] [INFO]- "GET /monitor/log/ HTTP/1.1" 200 265
[2021-05-28 15:07:26,414] [autoreload.py:240] [autoreload:trigger_reload] [INFO]- D:\Projects\django-vue-admin\server\apps\monitor\views.py changed, reloading.
[2021-05-28 15:07:27,528] [autoreload.py:617] [autoreload:run_with_reloader] [INFO]- Watching for file changes with StatReloader
[2021-05-28 15:08:11,270] [autoreload.py:240] [autoreload:trigger_reload] [INFO]- D:\Projects\django-vue-admin\server\apps\monitor\views.py changed, reloading.
[2021-05-28 15:08:12,368] [autoreload.py:617] [autoreload:run_with_reloader] [INFO]- Watching for file changes with StatReloader
[2021-05-28 15:08:27,482] [basehttp.py:157] [basehttp:log_message] [INFO]- "GET /swagger/ HTTP/1.1" 200 2460
[2021-05-28 15:08:27,502] [basehttp.py:157] [basehttp:log_message] [INFO]- "GET /static/drf-yasg/swagger-ui-dist/swagger-ui-bundle.js HTTP/1.1" 304 0
[2021-05-28 15:08:27,506] [basehttp.py:157] [basehttp:log_message] [INFO]- "GET /static/drf-yasg/swagger-ui-dist/swagger-ui-standalone-preset.js HTTP/1.1" 304 0
[2021-05-28 15:08:27,506] [basehttp.py:157] [basehttp:log_message] [INFO]- "GET /static/drf-yasg/swagger-ui-init.js HTTP/1.1" 304 0
[2021-05-28 15:08:27,508] [basehttp.py:157] [basehttp:log_message] [INFO]- "GET /static/drf-yasg/insQ.min.js HTTP/1.1" 304 0
[2021-05-28 15:08:27,509] [basehttp.py:157] [basehttp:log_message] [INFO]- "GET /static/drf-yasg/immutable.min.js HTTP/1.1" 304 0
[2021-05-28 15:08:27,512] [basehttp.py:157] [basehttp:log_message] [INFO]- "GET /static/drf-yasg/url-polyfill.min.js HTTP/1.1" 304 0
[2021-05-28 15:08:27,672] [basehttp.py:157] [basehttp:log_message] [INFO]- "GET /swagger/?format=openapi HTTP/1.1" 200 44487
[2021-05-28 15:12:22,388] [autoreload.py:240] [autoreload:trigger_reload] [INFO]- D:\Projects\django-vue-admin\server\apps\monitor\views.py changed, reloading.
[2021-05-28 15:12:23,512] [autoreload.py:617] [autoreload:run_with_reloader] [INFO]- Watching for file changes with StatReloader
[2021-05-28 15:12:41,422] [basehttp.py:157] [basehttp:log_message] [INFO]- "GET /monitor/log/ HTTP/1.1" 200 265
[2021-05-28 15:12:52,116] [basehttp.py:157] [basehttp:log_message] [INFO]- "GET /monitor/log/D%3A%5C%5CProjects%5C%5Cdjango-vue-admin%5C%5Cserver%5C%5Clog%5C%5Cerror-2021-05-28.log/ HTTP/1.1" 200 66
[2021-05-28 15:13:49,615] [autoreload.py:240] [autoreload:trigger_reload] [INFO]- D:\Projects\django-vue-admin\server\apps\monitor\views.py changed, reloading.
[2021-05-28 15:13:50,705] [autoreload.py:617] [autoreload:run_with_reloader] [INFO]- Watching for file changes with StatReloader
[2021-05-28 15:13:55,226] [basehttp.py:157] [basehttp:log_message] [INFO]- "GET /monitor/log/D%3A%5C%5CProjects%5C%5Cdjango-vue-admin%5C%5Cserver%5C%5Clog%5C%5Cerror-2021-05-28.log/ HTTP/1.1" 200 66
[2021-05-28 15:14:30,162] [basehttp.py:157] [basehttp:log_message] [INFO]- "GET /swagger/ HTTP/1.1" 200 2460
[2021-05-28 15:14:30,184] [basehttp.py:157] [basehttp:log_message] [INFO]- "GET /static/drf-yasg/swagger-ui-dist/swagger-ui-bundle.js HTTP/1.1" 304 0
[2021-05-28 15:14:30,187] [basehttp.py:157] [basehttp:log_message] [INFO]- "GET /static/drf-yasg/swagger-ui-init.js HTTP/1.1" 304 0
[2021-05-28 15:14:30,191] [basehttp.py:157] [basehttp:log_message] [INFO]- "GET /static/drf-yasg/swagger-ui-dist/swagger-ui-standalone-preset.js HTTP/1.1" 304 0
[2021-05-28 15:14:30,192] [basehttp.py:157] [basehttp:log_message] [INFO]- "GET /static/drf-yasg/url-polyfill.min.js HTTP/1.1" 304 0
[2021-05-28 15:14:30,194] [basehttp.py:157] [basehttp:log_message] [INFO]- "GET /static/drf-yasg/insQ.min.js HTTP/1.1" 304 0
[2021-05-28 15:14:30,197] [basehttp.py:157] [basehttp:log_message] [INFO]- "GET /static/drf-yasg/immutable.min.js HTTP/1.1" 304 0
[2021-05-28 15:14:30,345] [basehttp.py:157] [basehttp:log_message] [INFO]- "GET /swagger/?format=openapi HTTP/1.1" 200 44487
[2021-05-28 15:14:39,219] [basehttp.py:157] [basehttp:log_message] [INFO]- "GET /monitor/log/D%3A%5C%5CProjects%5C%5Cdjango-vue-admin%5C%5Cserver%5C%5Clog%5C%5Cerror-2021-05-28.log/ HTTP/1.1" 200 66
[2021-05-28 15:17:50,497] [basehttp.py:157] [basehttp:log_message] [INFO]- "GET /monitor/log/error-2021-05-28.log/ HTTP/1.1" 200 66
[2021-05-28 15:18:26,061] [autoreload.py:240] [autoreload:trigger_reload] [INFO]- D:\Projects\django-vue-admin\server\apps\monitor\views.py changed, reloading.
[2021-05-28 15:18:27,171] [autoreload.py:617] [autoreload:run_with_reloader] [INFO]- Watching for file changes with StatReloader
[2021-05-28 15:18:34,982] [autoreload.py:240] [autoreload:trigger_reload] [INFO]- D:\Projects\django-vue-admin\server\apps\monitor\views.py changed, reloading.
[2021-05-28 15:18:36,070] [autoreload.py:617] [autoreload:run_with_reloader] [INFO]- Watching for file changes with StatReloader
[2021-05-28 15:18:39,634] [basehttp.py:157] [basehttp:log_message] [INFO]- "GET /monitor/log/error-2021-05-28.log/ HTTP/1.1" 200 66
[2021-05-28 15:20:17,829] [log.py:224] [log:log_response] [ERROR]- Internal Server Error: /monitor/log/1/
Traceback (most recent call last):
  File "D:\Projects\django-vue-admin\server\venv\lib\site-packages\django\core\handlers\exception.py", line 47, in inner
    response = get_response(request)
  File "D:\Projects\django-vue-admin\server\venv\lib\site-packages\django\core\handlers\base.py", line 181, in _get_response
    response = wrapped_callback(request, *callback_args, **callback_kwargs)
  File "D:\Projects\django-vue-admin\server\venv\lib\site-packages\django\views\decorators\csrf.py", line 54, in wrapped_view
    return view_func(*args, **kwargs)
  File "D:\Projects\django-vue-admin\server\venv\lib\site-packages\rest_framework\viewsets.py", line 125, in view
    return self.dispatch(request, *args, **kwargs)
  File "D:\Projects\django-vue-admin\server\venv\lib\site-packages\rest_framework\views.py", line 511, in dispatch
    self.response = self.finalize_response(request, response, *args, **kwargs)
  File "D:\Projects\django-vue-admin\server\venv\lib\site-packages\rest_framework\views.py", line 423, in finalize_response
    assert isinstance(response, HttpResponseBase), (
AssertionError: Expected a `Response`, `HttpResponse` or `HttpStreamingResponse` to be returned from the view, but received a `<class 'NoneType'>`
[2021-05-28 15:20:17,832] [basehttp.py:157] [basehttp:log_message] [ERROR]- "GET /monitor/log/1/ HTTP/1.1" 500 19399
[2021-05-28 15:25:43,005] [autoreload.py:240] [autoreload:trigger_reload] [INFO]- D:\Projects\django-vue-admin\server\apps\monitor\views.py changed, reloading.
[2021-05-28 15:25:44,062] [autoreload.py:617] [autoreload:run_with_reloader] [INFO]- Watching for file changes with StatReloader
[2021-05-28 15:29:05,895] [autoreload.py:240] [autoreload:trigger_reload] [INFO]- D:\Projects\django-vue-admin\server\apps\monitor\views.py changed, reloading.
[2021-05-28 15:29:07,021] [autoreload.py:617] [autoreload:run_with_reloader] [INFO]- Watching for file changes with StatReloader
[2021-05-28 15:29:29,619] [autoreload.py:240] [autoreload:trigger_reload] [INFO]- D:\Projects\django-vue-admin\server\apps\monitor\urls.py changed, reloading.
[2021-05-28 15:29:30,657] [autoreload.py:617] [autoreload:run_with_reloader] [INFO]- Watching for file changes with StatReloader
[2021-05-28 15:29:34,179] [basehttp.py:157] [basehttp:log_message] [INFO]- "GET /swagger/ HTTP/1.1" 200 2460
[2021-05-28 15:29:34,203] [basehttp.py:157] [basehttp:log_message] [INFO]- "GET /static/drf-yasg/swagger-ui-dist/swagger-ui-bundle.js HTTP/1.1" 304 0
[2021-05-28 15:29:34,206] [basehttp.py:157] [basehttp:log_message] [INFO]- "GET /static/drf-yasg/swagger-ui-dist/swagger-ui-standalone-preset.js HTTP/1.1" 304 0
[2021-05-28 15:29:34,207] [basehttp.py:157] [basehttp:log_message] [INFO]- "GET /static/drf-yasg/url-polyfill.min.js HTTP/1.1" 304 0
[2021-05-28 15:29:34,208] [basehttp.py:157] [basehttp:log_message] [INFO]- "GET /static/drf-yasg/insQ.min.js HTTP/1.1" 304 0
[2021-05-28 15:29:34,209] [basehttp.py:157] [basehttp:log_message] [INFO]- "GET /static/drf-yasg/immutable.min.js HTTP/1.1" 304 0
[2021-05-28 15:29:34,209] [basehttp.py:157] [basehttp:log_message] [INFO]- "GET /static/drf-yasg/swagger-ui-init.js HTTP/1.1" 304 0
[2021-05-28 15:29:34,372] [basehttp.py:157] [basehttp:log_message] [INFO]- "GET /swagger/?format=openapi HTTP/1.1" 200 44420
[2021-05-28 15:29:45,787] [basehttp.py:157] [basehttp:log_message] [INFO]- "GET /monitor/log/ HTTP/1.1" 200 117
[2021-05-28 15:30:12,599] [autoreload.py:240] [autoreload:trigger_reload] [INFO]- D:\Projects\django-vue-admin\server\apps\monitor\views.py changed, reloading.
[2021-05-28 15:30:13,749] [autoreload.py:617] [autoreload:run_with_reloader] [INFO]- Watching for file changes with StatReloader
[2021-05-28 15:30:30,421] [basehttp.py:157] [basehttp:log_message] [INFO]- "GET /monitor/log/ HTTP/1.1" 200 273
[2021-05-28 15:31:56,360] [log.py:224] [log:log_response] [ERROR]- Internal Server Error: /monitor/log/
Traceback (most recent call last):
  File "D:\Projects\django-vue-admin\server\venv\lib\site-packages\django\core\handlers\exception.py", line 47, in inner
    response = get_response(request)
  File "D:\Projects\django-vue-admin\server\venv\lib\site-packages\django\core\handlers\base.py", line 181, in _get_response
    response = wrapped_callback(request, *callback_args, **callback_kwargs)
  File "D:\Projects\django-vue-admin\server\venv\lib\site-packages\django\views\decorators\csrf.py", line 54, in wrapped_view
    return view_func(*args, **kwargs)
  File "D:\Projects\django-vue-admin\server\venv\lib\site-packages\django\views\generic\base.py", line 70, in view
    return self.dispatch(request, *args, **kwargs)
  File "D:\Projects\django-vue-admin\server\venv\lib\site-packages\rest_framework\views.py", line 509, in dispatch
    response = self.handle_exception(exc)
  File "D:\Projects\django-vue-admin\server\venv\lib\site-packages\rest_framework\views.py", line 469, in handle_exception
    self.raise_uncaught_exception(exc)
  File "D:\Projects\django-vue-admin\server\venv\lib\site-packages\rest_framework\views.py", line 480, in raise_uncaught_exception
    raise exc
  File "D:\Projects\django-vue-admin\server\venv\lib\site-packages\rest_framework\views.py", line 506, in dispatch
    response = handler(request, *args, **kwargs)
  File "D:\Projects\django-vue-admin\server\apps\monitor\views.py", line 57, in post
    with open(kwargs['path']) as f:
KeyError: 'path'
[2021-05-28 15:31:56,364] [basehttp.py:157] [basehttp:log_message] [ERROR]- "POST /monitor/log/ HTTP/1.1" 500 19551
[2021-05-28 15:35:30,168] [log.py:224] [log:log_response] [WARNING]- Not Found: //docs
[2021-05-28 15:35:30,169] [basehttp.py:157] [basehttp:log_message] [WARNING]- "GET //docs HTTP/1.1" 404 4345
[2021-05-28 15:35:34,517] [basehttp.py:157] [basehttp:log_message] [INFO]- "GET /docs/ HTTP/1.1" 200 441483
[2021-05-28 15:35:34,603] [basehttp.py:157] [basehttp:log_message] [INFO]- "GET /docs/schema.js HTTP/1.1" 200 70476
[2021-05-28 15:35:34,652] [basehttp.py:157] [basehttp:log_message] [INFO]- "GET /docs/schema.js HTTP/1.1" 200 70476
[2021-05-28 15:37:18,670] [autoreload.py:240] [autoreload:trigger_reload] [INFO]- D:\Projects\django-vue-admin\server\apps\monitor\views.py changed, reloading.
[2021-05-28 15:37:19,788] [autoreload.py:617] [autoreload:run_with_reloader] [INFO]- Watching for file changes with StatReloader
[2021-05-28 15:37:25,516] [log.py:224] [log:log_response] [ERROR]- Internal Server Error: /monitor/log/
Traceback (most recent call last):
  File "D:\Projects\django-vue-admin\server\venv\lib\site-packages\django\core\handlers\exception.py", line 47, in inner
    response = get_response(request)
  File "D:\Projects\django-vue-admin\server\venv\lib\site-packages\django\core\handlers\base.py", line 181, in _get_response
    response = wrapped_callback(request, *callback_args, **callback_kwargs)
  File "D:\Projects\django-vue-admin\server\venv\lib\site-packages\django\views\decorators\csrf.py", line 54, in wrapped_view
    return view_func(*args, **kwargs)
  File "D:\Projects\django-vue-admin\server\venv\lib\site-packages\django\views\generic\base.py", line 70, in view
    return self.dispatch(request, *args, **kwargs)
  File "D:\Projects\django-vue-admin\server\venv\lib\site-packages\rest_framework\views.py", line 509, in dispatch
    response = self.handle_exception(exc)
  File "D:\Projects\django-vue-admin\server\venv\lib\site-packages\rest_framework\views.py", line 469, in handle_exception
    self.raise_uncaught_exception(exc)
  File "D:\Projects\django-vue-admin\server\venv\lib\site-packages\rest_framework\views.py", line 480, in raise_uncaught_exception
    raise exc
  File "D:\Projects\django-vue-admin\server\venv\lib\site-packages\rest_framework\views.py", line 506, in dispatch
    response = handler(request, *args, **kwargs)
  File "D:\Projects\django-vue-admin\server\apps\monitor\views.py", line 58, in post
    with open(kwargs['path']) as f:
KeyError: 'path'
[2021-05-28 15:37:25,521] [basehttp.py:157] [basehttp:log_message] [ERROR]- "POST /monitor/log/ HTTP/1.1" 500 19551
[2021-05-28 15:45:31,032] [autoreload.py:240] [autoreload:trigger_reload] [INFO]- D:\Projects\django-vue-admin\server\apps\monitor\views.py changed, reloading.
[2021-05-28 15:45:32,132] [autoreload.py:617] [autoreload:run_with_reloader] [INFO]- Watching for file changes with StatReloader
[2021-05-28 15:49:08,383] [autoreload.py:240] [autoreload:trigger_reload] [INFO]- D:\Projects\django-vue-admin\server\apps\monitor\views.py changed, reloading.
[2021-05-28 15:49:09,501] [autoreload.py:617] [autoreload:run_with_reloader] [INFO]- Watching for file changes with StatReloader
[2021-05-28 15:49:13,300] [basehttp.py:157] [basehttp:log_message] [INFO]- "GET /swagger/ HTTP/1.1" 200 2460
[2021-05-28 15:49:13,323] [basehttp.py:157] [basehttp:log_message] [INFO]- "GET /static/drf-yasg/swagger-ui-dist/swagger-ui-bundle.js HTTP/1.1" 304 0
[2021-05-28 15:49:13,326] [basehttp.py:157] [basehttp:log_message] [INFO]- "GET /static/drf-yasg/swagger-ui-dist/swagger-ui-standalone-preset.js HTTP/1.1" 304 0
[2021-05-28 15:49:13,329] [basehttp.py:157] [basehttp:log_message] [INFO]- "GET /static/drf-yasg/insQ.min.js HTTP/1.1" 304 0
[2021-05-28 15:49:13,333] [basehttp.py:157] [basehttp:log_message] [INFO]- "GET /static/drf-yasg/url-polyfill.min.js HTTP/1.1" 304 0
[2021-05-28 15:49:13,334] [basehttp.py:157] [basehttp:log_message] [INFO]- "GET /static/drf-yasg/immutable.min.js HTTP/1.1" 304 0
[2021-05-28 15:49:13,335] [basehttp.py:157] [basehttp:log_message] [INFO]- "GET /static/drf-yasg/swagger-ui-init.js HTTP/1.1" 304 0
[2021-05-28 15:49:13,502] [basehttp.py:157] [basehttp:log_message] [INFO]- "GET /swagger/?format=openapi HTTP/1.1" 200 44358
[2021-05-28 15:49:42,156] [basehttp.py:157] [basehttp:log_message] [INFO]- "GET /swagger/ HTTP/1.1" 200 2460
[2021-05-28 15:49:42,178] [basehttp.py:157] [basehttp:log_message] [INFO]- "GET /static/drf-yasg/swagger-ui-dist/swagger-ui-bundle.js HTTP/1.1" 304 0
[2021-05-28 15:49:42,179] [basehttp.py:157] [basehttp:log_message] [INFO]- "GET /static/drf-yasg/swagger-ui-dist/swagger-ui-standalone-preset.js HTTP/1.1" 304 0
[2021-05-28 15:49:42,179] [basehttp.py:157] [basehttp:log_message] [INFO]- "GET /static/drf-yasg/url-polyfill.min.js HTTP/1.1" 304 0
[2021-05-28 15:49:42,179] [basehttp.py:157] [basehttp:log_message] [INFO]- "GET /static/drf-yasg/immutable.min.js HTTP/1.1" 304 0
[2021-05-28 15:49:42,180] [basehttp.py:157] [basehttp:log_message] [INFO]- "GET /static/drf-yasg/insQ.min.js HTTP/1.1" 304 0
[2021-05-28 15:49:42,180] [basehttp.py:157] [basehttp:log_message] [INFO]- "GET /static/drf-yasg/swagger-ui-init.js HTTP/1.1" 304 0
[2021-05-28 15:49:42,343] [basehttp.py:157] [basehttp:log_message] [INFO]- "GET /swagger/?format=openapi HTTP/1.1" 200 44358
[2021-05-28 15:52:32,638] [autoreload.py:240] [autoreload:trigger_reload] [INFO]- D:\Projects\django-vue-admin\server\apps\monitor\views.py changed, reloading.
[2021-05-28 15:52:33,721] [autoreload.py:617] [autoreload:run_with_reloader] [INFO]- Watching for file changes with StatReloader
[2021-05-28 15:52:39,431] [autoreload.py:240] [autoreload:trigger_reload] [INFO]- D:\Projects\django-vue-admin\server\apps\monitor\views.py changed, reloading.
[2021-05-28 15:52:40,530] [autoreload.py:617] [autoreload:run_with_reloader] [INFO]- Watching for file changes with StatReloader
[2021-05-28 15:52:58,867] [autoreload.py:240] [autoreload:trigger_reload] [INFO]- D:\Projects\django-vue-admin\server\apps\monitor\views.py changed, reloading.
[2021-05-28 15:52:59,994] [autoreload.py:617] [autoreload:run_with_reloader] [INFO]- Watching for file changes with StatReloader
[2021-05-28 16:04:20,311] [autoreload.py:240] [autoreload:trigger_reload] [INFO]- D:\Projects\django-vue-admin\server\apps\monitor\views.py changed, reloading.
[2021-05-28 16:04:21,430] [autoreload.py:617] [autoreload:run_with_reloader] [INFO]- Watching for file changes with StatReloader
[2021-05-28 16:06:40,457] [autoreload.py:617] [autoreload:run_with_reloader] [INFO]- Watching for file changes with StatReloader
[2021-05-28 16:06:42,600] [basehttp.py:157] [basehttp:log_message] [INFO]- "GET /swagger/ HTTP/1.1" 200 2460
[2021-05-28 16:06:42,627] [basehttp.py:157] [basehttp:log_message] [INFO]- "GET /static/drf-yasg/swagger-ui-dist/swagger-ui-bundle.js HTTP/1.1" 304 0
[2021-05-28 16:06:42,629] [basehttp.py:157] [basehttp:log_message] [INFO]- "GET /static/drf-yasg/swagger-ui-dist/swagger-ui-standalone-preset.js HTTP/1.1" 304 0
[2021-05-28 16:06:42,632] [basehttp.py:157] [basehttp:log_message] [INFO]- "GET /static/drf-yasg/insQ.min.js HTTP/1.1" 304 0
[2021-05-28 16:06:42,632] [basehttp.py:157] [basehttp:log_message] [INFO]- "GET /static/drf-yasg/url-polyfill.min.js HTTP/1.1" 304 0
[2021-05-28 16:06:42,633] [basehttp.py:157] [basehttp:log_message] [INFO]- "GET /static/drf-yasg/immutable.min.js HTTP/1.1" 304 0
[2021-05-28 16:06:42,634] [basehttp.py:157] [basehttp:log_message] [INFO]- "GET /static/drf-yasg/swagger-ui-init.js HTTP/1.1" 304 0
[2021-05-28 16:06:42,798] [basehttp.py:157] [basehttp:log_message] [INFO]- "GET /swagger/?format=openapi HTTP/1.1" 200 44228
[2021-05-28 16:08:25,703] [autoreload.py:240] [autoreload:trigger_reload] [INFO]- D:\Projects\django-vue-admin\server\apps\monitor\urls.py changed, reloading.
[2021-05-28 16:08:26,865] [autoreload.py:617] [autoreload:run_with_reloader] [INFO]- Watching for file changes with StatReloader
[2021-05-28 16:08:30,700] [basehttp.py:157] [basehttp:log_message] [INFO]- "GET /swagger/ HTTP/1.1" 200 2460
[2021-05-28 16:08:30,724] [basehttp.py:157] [basehttp:log_message] [INFO]- "GET /static/drf-yasg/swagger-ui-dist/swagger-ui-bundle.js HTTP/1.1" 304 0
[2021-05-28 16:08:30,725] [basehttp.py:157] [basehttp:log_message] [INFO]- "GET /static/drf-yasg/swagger-ui-dist/swagger-ui-standalone-preset.js HTTP/1.1" 304 0
[2021-05-28 16:08:30,728] [basehttp.py:157] [basehttp:log_message] [INFO]- "GET /static/drf-yasg/insQ.min.js HTTP/1.1" 304 0
[2021-05-28 16:08:30,731] [basehttp.py:157] [basehttp:log_message] [INFO]- "GET /static/drf-yasg/immutable.min.js HTTP/1.1" 304 0
[2021-05-28 16:08:30,734] [basehttp.py:157] [basehttp:log_message] [INFO]- "GET /static/drf-yasg/url-polyfill.min.js HTTP/1.1" 304 0
[2021-05-28 16:08:30,735] [basehttp.py:157] [basehttp:log_message] [INFO]- "GET /static/drf-yasg/swagger-ui-init.js HTTP/1.1" 304 0
[2021-05-28 16:08:30,892] [basehttp.py:157] [basehttp:log_message] [INFO]- "GET /swagger/?format=openapi HTTP/1.1" 200 44519
[2021-05-28 16:11:23,649] [autoreload.py:240] [autoreload:trigger_reload] [INFO]- D:\Projects\django-vue-admin\server\apps\monitor\views.py changed, reloading.
[2021-05-28 16:11:24,819] [autoreload.py:617] [autoreload:run_with_reloader] [INFO]- Watching for file changes with StatReloader
[2021-05-28 16:11:32,368] [log.py:224] [log:log_response] [ERROR]- Internal Server Error: /monitor/log/123/
Traceback (most recent call last):
  File "D:\Projects\django-vue-admin\server\venv\lib\site-packages\django\core\handlers\exception.py", line 47, in inner
    response = get_response(request)
  File "D:\Projects\django-vue-admin\server\venv\lib\site-packages\django\core\handlers\base.py", line 181, in _get_response
    response = wrapped_callback(request, *callback_args, **callback_kwargs)
  File "D:\Projects\django-vue-admin\server\venv\lib\site-packages\django\views\decorators\csrf.py", line 54, in wrapped_view
    return view_func(*args, **kwargs)
  File "D:\Projects\django-vue-admin\server\venv\lib\site-packages\django\views\generic\base.py", line 70, in view
    return self.dispatch(request, *args, **kwargs)
  File "D:\Projects\django-vue-admin\server\venv\lib\site-packages\rest_framework\views.py", line 511, in dispatch
    self.response = self.finalize_response(request, response, *args, **kwargs)
  File "D:\Projects\django-vue-admin\server\venv\lib\site-packages\rest_framework\views.py", line 423, in finalize_response
    assert isinstance(response, HttpResponseBase), (
AssertionError: Expected a `Response`, `HttpResponse` or `HttpStreamingResponse` to be returned from the view, but received a `<class 'NoneType'>`
[2021-05-28 16:11:32,371] [basehttp.py:157] [basehttp:log_message] [ERROR]- "GET /monitor/log/123/ HTTP/1.1" 500 19408
[2021-05-28 16:17:19,353] [autoreload.py:240] [autoreload:trigger_reload] [INFO]- D:\Projects\django-vue-admin\server\apps\monitor\views.py changed, reloading.
[2021-05-28 16:17:20,412] [autoreload.py:617] [autoreload:run_with_reloader] [INFO]- Watching for file changes with StatReloader
[2021-05-28 16:17:38,884] [basehttp.py:157] [basehttp:log_message] [INFO]- "GET /monitor/log/ HTTP/1.1" 200 273
[2021-05-28 16:17:49,018] [basehttp.py:157] [basehttp:log_message] [INFO]- "GET /monitor/log/error-2021-05-28.log/ HTTP/1.1" 200 1862
[2021-05-28 16:19:39,816] [autoreload.py:240] [autoreload:trigger_reload] [INFO]- D:\Projects\django-vue-admin\server\apps\monitor\views.py changed, reloading.
[2021-05-28 16:19:40,872] [autoreload.py:617] [autoreload:run_with_reloader] [INFO]- Watching for file changes with StatReloader
[2021-05-28 16:20:15,034] [basehttp.py:157] [basehttp:log_message] [INFO]- "GET /monitor/log/all-2021-05-28.log/ HTTP/1.1" 200 40269
[2021-05-28 16:23:47,060] [basehttp.py:157] [basehttp:log_message] [INFO]- "GET /swagger/ HTTP/1.1" 200 2460
[2021-05-28 16:23:47,087] [basehttp.py:157] [basehttp:log_message] [INFO]- "GET /static/drf-yasg/swagger-ui-dist/swagger-ui-bundle.js HTTP/1.1" 304 0
[2021-05-28 16:23:47,091] [basehttp.py:157] [basehttp:log_message] [INFO]- "GET /static/drf-yasg/swagger-ui-dist/swagger-ui-standalone-preset.js HTTP/1.1" 304 0
[2021-05-28 16:23:47,092] [basehttp.py:157] [basehttp:log_message] [INFO]- "GET /static/drf-yasg/url-polyfill.min.js HTTP/1.1" 304 0
[2021-05-28 16:23:47,091] [basehttp.py:157] [basehttp:log_message] [INFO]- "GET /static/drf-yasg/insQ.min.js HTTP/1.1" 304 0
[2021-05-28 16:23:47,091] [basehttp.py:157] [basehttp:log_message] [INFO]- "GET /static/drf-yasg/immutable.min.js HTTP/1.1" 304 0
[2021-05-28 16:23:47,094] [basehttp.py:157] [basehttp:log_message] [INFO]- "GET /static/drf-yasg/swagger-ui-init.js HTTP/1.1" 304 0
[2021-05-28 16:23:47,245] [basehttp.py:157] [basehttp:log_message] [INFO]- "GET /swagger/?format=openapi HTTP/1.1" 200 44519
[2021-05-28 16:23:56,702] [basehttp.py:157] [basehttp:log_message] [INFO]- "GET /monitor/server/ HTTP/1.1" 200 178
[2021-05-28 16:24:28,386] [basehttp.py:157] [basehttp:log_message] [INFO]- "GET /monitor/server/ HTTP/1.1" 200 178
[2021-05-28 16:26:33,865] [basehttp.py:157] [basehttp:log_message] [INFO]- "GET /docs/ HTTP/1.1" 200 442295
[2021-05-28 16:26:33,928] [basehttp.py:157] [basehttp:log_message] [INFO]- "GET /static/rest_framework/js/coreapi-0.1.1.js HTTP/1.1" 304 0
[2021-05-28 16:26:33,930] [basehttp.py:157] [basehttp:log_message] [INFO]- "GET /static/rest_framework/js/jquery-3.5.1.min.js HTTP/1.1" 304 0
[2021-05-28 16:26:33,932] [basehttp.py:157] [basehttp:log_message] [INFO]- "GET /docs/schema.js HTTP/1.1" 200 70632
[2021-05-28 16:26:33,937] [basehttp.py:157] [basehttp:log_message] [INFO]- "GET /static/rest_framework/js/bootstrap.min.js HTTP/1.1" 304 0
[2021-05-28 16:26:33,938] [basehttp.py:157] [basehttp:log_message] [INFO]- "GET /static/rest_framework/docs/js/api.js HTTP/1.1" 304 0
[2021-05-28 16:26:33,939] [basehttp.py:157] [basehttp:log_message] [INFO]- "GET /static/rest_framework/docs/js/jquery.json-view.min.js HTTP/1.1" 304 0
[2021-05-28 16:26:33,944] [basehttp.py:157] [basehttp:log_message] [INFO]- "GET /static/rest_framework/js/coreapi-0.1.1.js HTTP/1.1" 304 0
[2021-05-28 16:26:33,978] [basehttp.py:157] [basehttp:log_message] [INFO]- "GET /docs/schema.js HTTP/1.1" 200 70632
[2021-05-28 17:06:56,227] [autoreload.py:240] [autoreload:trigger_reload] [INFO]- D:\Projects\django-vue-admin\server\apps\system\models.py changed, reloading.
[2021-05-28 17:06:57,492] [autoreload.py:617] [autoreload:run_with_reloader] [INFO]- Watching for file changes with StatReloader
