[2020-06-09 15:56:55,130] [autoreload.py:598] [autoreload:run_with_reloader] [INFO]- Watching for file changes with StatReloader
[2020-06-09 15:58:09,242] [basehttp.py:157] [basehttp:log_message] [INFO]- "OPTIONS /system/user/info/ HTTP/1.1" 200 0
[2020-06-09 15:58:09,343] [basehttp.py:157] [basehttp:log_message] [INFO]- "GET /system/user/info/ HTTP/1.1" 200 136
[2020-06-09 15:58:14,842] [basehttp.py:157] [basehttp:log_message] [INFO]- "GET /system/user/info/ HTTP/1.1" 200 136
[2020-06-09 15:58:17,670] [basehttp.py:157] [basehttp:log_message] [INFO]- "GET /system/organization/ HTTP/1.1" 200 476
[2020-06-09 15:58:17,685] [basehttp.py:157] [basehttp:log_message] [INFO]- "GET /system/user/?page=1&page_size=20 HTTP/1.1" 200 527
[2020-06-09 15:58:17,695] [basehttp.py:157] [basehttp:log_message] [INFO]- "GET /system/role/ HTTP/1.1" 200 232
[2020-06-09 15:58:20,735] [basehttp.py:157] [basehttp:log_message] [INFO]- "GET /system/organization/ HTTP/1.1" 200 476
[2020-06-09 15:58:41,035] [basehttp.py:157] [basehttp:log_message] [INFO]- "GET /system/organization/ HTTP/1.1" 200 476
[2020-06-09 15:58:41,038] [basehttp.py:157] [basehttp:log_message] [INFO]- "GET /system/user/?page=1&page_size=20 HTTP/1.1" 200 527
[2020-06-09 15:58:41,051] [basehttp.py:157] [basehttp:log_message] [INFO]- "GET /system/role/ HTTP/1.1" 200 232
[2020-06-09 15:58:43,828] [basehttp.py:157] [basehttp:log_message] [INFO]- "GET /system/organization/ HTTP/1.1" 200 476
[2020-06-09 15:59:49,904] [basehttp.py:157] [basehttp:log_message] [INFO]- "GET /system/organization/ HTTP/1.1" 200 476
[2020-06-09 15:59:52,321] [basehttp.py:157] [basehttp:log_message] [INFO]- "GET /system/organization/ HTTP/1.1" 200 476
[2020-06-09 15:59:52,333] [basehttp.py:157] [basehttp:log_message] [INFO]- "GET /system/permission/ HTTP/1.1" 200 5844
[2020-06-09 15:59:52,342] [basehttp.py:157] [basehttp:log_message] [INFO]- "GET /system/role/ HTTP/1.1" 200 232
[2020-06-09 15:59:54,158] [basehttp.py:157] [basehttp:log_message] [INFO]- "GET /system/position/ HTTP/1.1" 200 33
[2020-06-09 15:59:54,918] [basehttp.py:157] [basehttp:log_message] [INFO]- "GET /system/dicttype/ HTTP/1.1" 200 187
[2020-06-09 15:59:54,920] [basehttp.py:157] [basehttp:log_message] [INFO]- "GET /system/dict/?page=1&page_size=20 HTTP/1.1" 200 83
[2020-06-09 15:59:56,308] [basehttp.py:157] [basehttp:log_message] [INFO]- "GET /file/?page=1&page_size=20 HTTP/1.1" 200 83
[2020-06-09 16:00:46,762] [basehttp.py:157] [basehttp:log_message] [INFO]- "GET /system/user/info/ HTTP/1.1" 200 136
[2020-06-09 16:00:46,925] [basehttp.py:157] [basehttp:log_message] [INFO]- "GET /file/?page=1&page_size=20 HTTP/1.1" 200 83
[2020-06-09 16:00:49,353] [basehttp.py:157] [basehttp:log_message] [INFO]- "GET /system/task/?page=1&page_size=20 HTTP/1.1" 200 83
[2020-06-09 16:00:51,309] [basehttp.py:157] [basehttp:log_message] [INFO]- "GET /file/?page=1&page_size=20 HTTP/1.1" 200 83
[2020-06-09 16:00:53,285] [basehttp.py:157] [basehttp:log_message] [INFO]- "GET /system/position/ HTTP/1.1" 200 33
[2020-06-09 16:00:54,481] [basehttp.py:157] [basehttp:log_message] [INFO]- "GET /system/dict/?page=1&page_size=20 HTTP/1.1" 200 83
[2020-06-09 16:00:54,482] [basehttp.py:157] [basehttp:log_message] [INFO]- "GET /system/dicttype/ HTTP/1.1" 200 187
[2020-06-09 16:00:55,834] [basehttp.py:157] [basehttp:log_message] [INFO]- "GET /file/?page=1&page_size=20 HTTP/1.1" 200 83
[2020-06-09 16:00:59,444] [basehttp.py:157] [basehttp:log_message] [INFO]- "GET /system/organization/ HTTP/1.1" 200 476
[2020-06-09 16:00:59,447] [basehttp.py:157] [basehttp:log_message] [INFO]- "GET /system/user/?page=1&page_size=20 HTTP/1.1" 200 527
[2020-06-09 16:00:59,459] [basehttp.py:157] [basehttp:log_message] [INFO]- "GET /system/role/ HTTP/1.1" 200 232
[2020-06-09 16:01:02,902] [basehttp.py:157] [basehttp:log_message] [INFO]- "GET /system/organization/ HTTP/1.1" 200 476
[2020-06-09 16:01:06,327] [basehttp.py:157] [basehttp:log_message] [INFO]- "GET /system/organization/ HTTP/1.1" 200 476
[2020-06-09 16:01:06,339] [basehttp.py:157] [basehttp:log_message] [INFO]- "GET /system/role/ HTTP/1.1" 200 232
[2020-06-09 16:01:06,340] [basehttp.py:157] [basehttp:log_message] [INFO]- "GET /system/user/?page=1&page_size=20 HTTP/1.1" 200 527
[2020-06-09 16:01:07,684] [basehttp.py:157] [basehttp:log_message] [INFO]- "GET /system/organization/ HTTP/1.1" 200 476
[2020-06-09 16:01:08,875] [basehttp.py:157] [basehttp:log_message] [INFO]- "GET /system/organization/ HTTP/1.1" 200 476
[2020-06-09 16:01:08,890] [basehttp.py:157] [basehttp:log_message] [INFO]- "GET /system/role/ HTTP/1.1" 200 232
[2020-06-09 16:01:08,892] [basehttp.py:157] [basehttp:log_message] [INFO]- "GET /system/permission/ HTTP/1.1" 200 5844
[2020-06-09 16:01:10,535] [basehttp.py:157] [basehttp:log_message] [INFO]- "GET /system/dicttype/ HTTP/1.1" 200 187
[2020-06-09 16:01:10,537] [basehttp.py:157] [basehttp:log_message] [INFO]- "GET /system/dict/?page=1&page_size=20 HTTP/1.1" 200 83
[2020-06-09 16:01:11,566] [basehttp.py:157] [basehttp:log_message] [INFO]- "GET /system/dict/?page=1&page_size=20&type=1 HTTP/1.1" 200 83
[2020-06-09 16:01:13,196] [basehttp.py:157] [basehttp:log_message] [INFO]- "GET /system/task/?page=1&page_size=20 HTTP/1.1" 200 83
