[2020-05-08 14:08:15,874] [autoreload.py:598] [autoreload:run_with_reloader] [INFO]- Watching for file changes with StatReloader
[2020-05-08 14:10:03,184] [basehttp.py:157] [basehttp:log_message] [INFO]- "OPTIONS /token/ HTTP/1.1" 200 0
[2020-05-08 14:10:03,501] [basehttp.py:157] [basehttp:log_message] [INFO]- "POST /token/ HTTP/1.1" 200 469
[2020-05-08 14:10:03,519] [basehttp.py:157] [basehttp:log_message] [INFO]- "OPTIONS /rbac/user/info/ HTTP/1.1" 200 0
[2020-05-08 14:10:03,749] [basehttp.py:157] [basehttp:log_message] [INFO]- "GET /rbac/user/info/ HTTP/1.1" 200 136
[2020-05-08 14:10:07,259] [basehttp.py:157] [basehttp:log_message] [INFO]- "OPTIONS /rbac/organization/ HTTP/1.1" 200 0
[2020-05-08 14:10:07,259] [basehttp.py:157] [basehttp:log_message] [INFO]- "OPTIONS /rbac/user/?page=1&page_size=20 HTTP/1.1" 200 0
[2020-05-08 14:10:07,260] [basehttp.py:157] [basehttp:log_message] [INFO]- "OPTIONS /rbac/role/ HTTP/1.1" 200 0
[2020-05-08 14:10:08,086] [basehttp.py:157] [basehttp:log_message] [INFO]- "GET /rbac/organization/ HTTP/1.1" 200 798
[2020-05-08 14:10:08,102] [basehttp.py:157] [basehttp:log_message] [INFO]- "GET /rbac/role/ HTTP/1.1" 200 217
[2020-05-08 14:10:08,102] [basehttp.py:157] [basehttp:log_message] [INFO]- "GET /rbac/user/?page=1&page_size=20 HTTP/1.1" 200 427
[2020-05-08 14:10:23,367] [basehttp.py:157] [basehttp:log_message] [INFO]- "GET /rbac/organization/ HTTP/1.1" 200 798
[2020-05-08 14:10:25,137] [basehttp.py:157] [basehttp:log_message] [INFO]- "OPTIONS /rbac/permission/ HTTP/1.1" 200 0
[2020-05-08 14:10:25,232] [basehttp.py:157] [basehttp:log_message] [INFO]- "GET /rbac/organization/ HTTP/1.1" 200 798
[2020-05-08 14:10:25,253] [basehttp.py:157] [basehttp:log_message] [INFO]- "GET /rbac/permission/ HTTP/1.1" 200 422
[2020-05-08 14:10:25,281] [basehttp.py:157] [basehttp:log_message] [INFO]- "GET /rbac/role/ HTTP/1.1" 200 217
[2020-05-08 14:10:28,255] [basehttp.py:157] [basehttp:log_message] [INFO]- "GET /rbac/organization/ HTTP/1.1" 200 798
[2020-05-08 15:09:51,723] [autoreload.py:598] [autoreload:run_with_reloader] [INFO]- Watching for file changes with StatReloader
[2020-05-08 15:42:41,543] [autoreload.py:222] [autoreload:trigger_reload] [INFO]- E:\django-vue-rbac\server\apps\rbac\models.py changed, reloading.
[2020-05-08 15:42:42,804] [autoreload.py:598] [autoreload:run_with_reloader] [INFO]- Watching for file changes with StatReloader
[2020-05-08 16:00:29,297] [autoreload.py:222] [autoreload:trigger_reload] [INFO]- E:\django-vue-rbac\server\apps\rbac\models.py changed, reloading.
[2020-05-08 16:00:30,365] [autoreload.py:598] [autoreload:run_with_reloader] [INFO]- Watching for file changes with StatReloader
[2020-05-08 16:11:03,427] [autoreload.py:222] [autoreload:trigger_reload] [INFO]- E:\django-vue-rbac\server\apps\rbac\models.py changed, reloading.
[2020-05-08 16:11:04,482] [autoreload.py:598] [autoreload:run_with_reloader] [INFO]- Watching for file changes with StatReloader
[2020-05-08 16:26:14,813] [autoreload.py:222] [autoreload:trigger_reload] [INFO]- E:\django-vue-rbac\server\apps\rbac\models.py changed, reloading.
[2020-05-08 16:26:15,947] [autoreload.py:598] [autoreload:run_with_reloader] [INFO]- Watching for file changes with StatReloader
[2020-05-08 16:45:48,825] [autoreload.py:222] [autoreload:trigger_reload] [INFO]- E:\django-vue-rbac\server\apps\rbac\models.py changed, reloading.
[2020-05-08 16:45:49,925] [autoreload.py:598] [autoreload:run_with_reloader] [INFO]- Watching for file changes with StatReloader
[2020-05-08 16:46:51,589] [autoreload.py:222] [autoreload:trigger_reload] [INFO]- E:\django-vue-rbac\server\apps\rbac\models.py changed, reloading.
[2020-05-08 16:46:52,570] [autoreload.py:598] [autoreload:run_with_reloader] [INFO]- Watching for file changes with StatReloader
[2020-05-08 16:46:59,186] [autoreload.py:222] [autoreload:trigger_reload] [INFO]- E:\django-vue-rbac\server\apps\rbac\models.py changed, reloading.
[2020-05-08 16:47:00,318] [autoreload.py:598] [autoreload:run_with_reloader] [INFO]- Watching for file changes with StatReloader
[2020-05-08 16:47:26,706] [autoreload.py:222] [autoreload:trigger_reload] [INFO]- E:\django-vue-rbac\server\apps\rbac\models.py changed, reloading.
[2020-05-08 16:47:27,804] [autoreload.py:598] [autoreload:run_with_reloader] [INFO]- Watching for file changes with StatReloader
[2020-05-08 16:48:06,073] [autoreload.py:222] [autoreload:trigger_reload] [INFO]- E:\django-vue-rbac\server\apps\rbac\admin.py changed, reloading.
[2020-05-08 16:48:07,137] [autoreload.py:598] [autoreload:run_with_reloader] [INFO]- Watching for file changes with StatReloader
[2020-05-08 16:48:28,858] [autoreload.py:222] [autoreload:trigger_reload] [INFO]- E:\django-vue-rbac\server\apps\rbac\admin.py changed, reloading.
[2020-05-08 16:48:30,108] [autoreload.py:598] [autoreload:run_with_reloader] [INFO]- Watching for file changes with StatReloader
[2020-05-08 16:48:52,854] [autoreload.py:222] [autoreload:trigger_reload] [INFO]- E:\django-vue-rbac\server\apps\rbac\models.py changed, reloading.
[2020-05-08 16:48:53,870] [autoreload.py:598] [autoreload:run_with_reloader] [INFO]- Watching for file changes with StatReloader
[2020-05-08 16:53:54,232] [basehttp.py:157] [basehttp:log_message] [INFO]- "OPTIONS /token/ HTTP/1.1" 200 0
[2020-05-08 16:53:54,496] [basehttp.py:157] [basehttp:log_message] [INFO]- "POST /token/ HTTP/1.1" 200 469
[2020-05-08 16:53:54,515] [basehttp.py:157] [basehttp:log_message] [INFO]- "OPTIONS /rbac/user/info/ HTTP/1.1" 200 0
[2020-05-08 16:53:54,636] [basehttp.py:157] [basehttp:log_message] [INFO]- "GET /rbac/user/info/ HTTP/1.1" 200 136
[2020-05-08 16:53:56,748] [basehttp.py:157] [basehttp:log_message] [INFO]- "GET /media/default/avatar.png?imageView2/1/w/80/h/80 HTTP/1.0" 200 22934
[2020-05-08 16:53:57,179] [basehttp.py:157] [basehttp:log_message] [INFO]- "OPTIONS /rbac/organization/ HTTP/1.1" 200 0
[2020-05-08 16:53:57,180] [basehttp.py:157] [basehttp:log_message] [INFO]- "OPTIONS /rbac/user/?page=1&page_size=20 HTTP/1.1" 200 0
[2020-05-08 16:53:57,180] [basehttp.py:157] [basehttp:log_message] [INFO]- "OPTIONS /rbac/role/ HTTP/1.1" 200 0
[2020-05-08 16:53:57,412] [basehttp.py:157] [basehttp:log_message] [INFO]- "GET /rbac/organization/ HTTP/1.1" 200 798
[2020-05-08 16:53:57,430] [basehttp.py:157] [basehttp:log_message] [INFO]- "GET /rbac/role/ HTTP/1.1" 200 217
[2020-05-08 16:53:57,430] [basehttp.py:157] [basehttp:log_message] [INFO]- "GET /rbac/user/?page=1&page_size=20 HTTP/1.1" 200 427
[2020-05-08 16:54:04,146] [basehttp.py:157] [basehttp:log_message] [INFO]- "GET /rbac/organization/ HTTP/1.1" 200 798
[2020-05-08 16:54:05,497] [basehttp.py:157] [basehttp:log_message] [INFO]- "OPTIONS /rbac/permission/ HTTP/1.1" 200 0
[2020-05-08 16:54:05,933] [basehttp.py:157] [basehttp:log_message] [INFO]- "GET /rbac/permission/ HTTP/1.1" 200 422
[2020-05-08 16:54:05,996] [basehttp.py:157] [basehttp:log_message] [INFO]- "GET /rbac/role/ HTTP/1.1" 200 217
[2020-05-08 16:54:08,851] [basehttp.py:157] [basehttp:log_message] [INFO]- "GET /rbac/organization/ HTTP/1.1" 200 798
[2020-05-08 16:54:11,710] [basehttp.py:157] [basehttp:log_message] [INFO]- "OPTIONS /rbac/position/ HTTP/1.1" 200 0
[2020-05-08 16:54:12,277] [basehttp.py:157] [basehttp:log_message] [INFO]- "GET /rbac/position/ HTTP/1.1" 200 166
[2020-05-08 16:59:43,425] [autoreload.py:222] [autoreload:trigger_reload] [INFO]- E:\django-vue-rbac\server\apps\rbac\serializers.py changed, reloading.
[2020-05-08 16:59:44,518] [autoreload.py:598] [autoreload:run_with_reloader] [INFO]- Watching for file changes with StatReloader
[2020-05-08 17:01:29,852] [autoreload.py:222] [autoreload:trigger_reload] [INFO]- E:\django-vue-rbac\server\apps\rbac\serializers.py changed, reloading.
[2020-05-08 17:01:30,892] [autoreload.py:598] [autoreload:run_with_reloader] [INFO]- Watching for file changes with StatReloader
[2020-05-08 17:11:32,950] [autoreload.py:222] [autoreload:trigger_reload] [INFO]- E:\django-vue-rbac\server\apps\rbac\serializers.py changed, reloading.
[2020-05-08 17:11:33,988] [autoreload.py:598] [autoreload:run_with_reloader] [INFO]- Watching for file changes with StatReloader
[2020-05-08 17:13:22,541] [autoreload.py:222] [autoreload:trigger_reload] [INFO]- E:\django-vue-rbac\server\apps\rbac\views.py changed, reloading.
[2020-05-08 17:13:23,569] [autoreload.py:598] [autoreload:run_with_reloader] [INFO]- Watching for file changes with StatReloader
[2020-05-08 17:13:29,940] [autoreload.py:222] [autoreload:trigger_reload] [INFO]- E:\django-vue-rbac\server\apps\rbac\views.py changed, reloading.
[2020-05-08 17:13:31,202] [autoreload.py:598] [autoreload:run_with_reloader] [INFO]- Watching for file changes with StatReloader
[2020-05-08 17:15:21,085] [autoreload.py:222] [autoreload:trigger_reload] [INFO]- E:\django-vue-rbac\server\apps\rbac\views.py changed, reloading.
[2020-05-08 17:15:22,140] [autoreload.py:598] [autoreload:run_with_reloader] [INFO]- Watching for file changes with StatReloader
[2020-05-08 17:15:33,675] [basehttp.py:157] [basehttp:log_message] [INFO]- "GET /rbac/user/info/ HTTP/1.1" 200 136
[2020-05-08 17:15:33,981] [basehttp.py:157] [basehttp:log_message] [INFO]- "GET /rbac/position/ HTTP/1.1" 200 166
[2020-05-08 17:20:31,090] [basehttp.py:157] [basehttp:log_message] [INFO]- "OPTIONS /rbac/user/info/ HTTP/1.1" 200 0
[2020-05-08 17:20:31,196] [basehttp.py:157] [basehttp:log_message] [INFO]- "GET /rbac/user/info/ HTTP/1.1" 200 136
[2020-05-08 17:42:55,328] [basehttp.py:157] [basehttp:log_message] [INFO]- "GET /rbac/organization/ HTTP/1.1" 200 798
[2020-05-08 17:54:59,667] [basehttp.py:157] [basehttp:log_message] [INFO]- "GET /rbac/user/info/ HTTP/1.1" 200 136
[2020-05-08 18:13:30,481] [basehttp.py:157] [basehttp:log_message] [INFO]- "GET /rbac/user/info/ HTTP/1.1" 200 136
[2020-05-08 18:13:33,253] [basehttp.py:157] [basehttp:log_message] [INFO]- "OPTIONS /rbac/user/?page=1&page_size=20 HTTP/1.1" 200 0
[2020-05-08 18:13:33,253] [basehttp.py:157] [basehttp:log_message] [INFO]- "OPTIONS /rbac/organization/ HTTP/1.1" 200 0
[2020-05-08 18:13:33,261] [basehttp.py:157] [basehttp:log_message] [INFO]- "OPTIONS /rbac/role/ HTTP/1.1" 200 0
[2020-05-08 18:13:33,367] [basehttp.py:157] [basehttp:log_message] [INFO]- "GET /rbac/organization/ HTTP/1.1" 200 798
[2020-05-08 18:13:33,488] [basehttp.py:157] [basehttp:log_message] [INFO]- "GET /rbac/role/ HTTP/1.1" 200 217
[2020-05-08 18:13:33,693] [log.py:228] [log:log_response] [ERROR]- Internal Server Error: /rbac/user/
Traceback (most recent call last):
  File "E:\cnas\server\venv\lib\site-packages\django\core\handlers\exception.py", line 34, in inner
    response = get_response(request)
  File "E:\cnas\server\venv\lib\site-packages\django\core\handlers\base.py", line 115, in _get_response
    response = self.process_exception_by_middleware(e, request)
  File "E:\cnas\server\venv\lib\site-packages\django\core\handlers\base.py", line 113, in _get_response
    response = wrapped_callback(request, *callback_args, **callback_kwargs)
  File "E:\cnas\server\venv\lib\site-packages\django\views\decorators\csrf.py", line 54, in wrapped_view
    return view_func(*args, **kwargs)
  File "E:\cnas\server\venv\lib\site-packages\rest_framework\viewsets.py", line 114, in view
    return self.dispatch(request, *args, **kwargs)
  File "E:\cnas\server\venv\lib\site-packages\rest_framework\views.py", line 505, in dispatch
    response = self.handle_exception(exc)
  File "E:\cnas\server\venv\lib\site-packages\rest_framework\views.py", line 465, in handle_exception
    self.raise_uncaught_exception(exc)
  File "E:\cnas\server\venv\lib\site-packages\rest_framework\views.py", line 476, in raise_uncaught_exception
    raise exc
  File "E:\cnas\server\venv\lib\site-packages\rest_framework\views.py", line 502, in dispatch
    response = handler(request, *args, **kwargs)
  File "E:\cnas\server\venv\lib\site-packages\rest_framework\mixins.py", line 40, in list
    page = self.paginate_queryset(queryset)
  File "E:\cnas\server\venv\lib\site-packages\rest_framework\generics.py", line 171, in paginate_queryset
    return self.paginator.paginate_queryset(queryset, self.request, view=self)
  File "E:\cnas\server\venv\lib\site-packages\rest_framework\pagination.py", line 218, in paginate_queryset
    return list(self.page)
  File "E:\cnas\server\venv\lib\site-packages\django\core\paginator.py", line 150, in __len__
    return len(self.object_list)
  File "E:\cnas\server\venv\lib\site-packages\django\db\models\query.py", line 258, in __len__
    self._fetch_all()
  File "E:\cnas\server\venv\lib\site-packages\django\db\models\query.py", line 1261, in _fetch_all
    self._result_cache = list(self._iterable_class(self))
  File "E:\cnas\server\venv\lib\site-packages\django\db\models\query.py", line 57, in __iter__
    results = compiler.execute_sql(chunked_fetch=self.chunked_fetch, chunk_size=self.chunk_size)
  File "E:\cnas\server\venv\lib\site-packages\django\db\models\sql\compiler.py", line 1138, in execute_sql
    sql, params = self.as_sql()
  File "E:\cnas\server\venv\lib\site-packages\django\db\models\sql\compiler.py", line 490, in as_sql
    extra_select, order_by, group_by = self.pre_sql_setup()
  File "E:\cnas\server\venv\lib\site-packages\django\db\models\sql\compiler.py", line 51, in pre_sql_setup
    self.setup_query()
  File "E:\cnas\server\venv\lib\site-packages\django\db\models\sql\compiler.py", line 42, in setup_query
    self.select, self.klass_info, self.annotation_col_map = self.get_select()
  File "E:\cnas\server\venv\lib\site-packages\django\db\models\sql\compiler.py", line 243, in get_select
    related_klass_infos = self.get_related_selections(select)
  File "E:\cnas\server\venv\lib\site-packages\django\db\models\sql\compiler.py", line 964, in get_related_selections
    ', '.join(_get_field_choices()) or '(none)',
django.core.exceptions.FieldError: Invalid field name(s) given in select_related: 'postion'. Choices are: dept, superior
[2020-05-08 18:13:33,701] [basehttp.py:157] [basehttp:log_message] [ERROR]- "GET /rbac/user/?page=1&page_size=20 HTTP/1.1" 500 20847
[2020-05-08 18:14:14,956] [autoreload.py:222] [autoreload:trigger_reload] [INFO]- E:\django-vue-rbac\server\apps\rbac\serializers.py changed, reloading.
[2020-05-08 18:14:16,820] [autoreload.py:598] [autoreload:run_with_reloader] [INFO]- Watching for file changes with StatReloader
[2020-05-08 18:14:24,541] [autoreload.py:222] [autoreload:trigger_reload] [INFO]- E:\django-vue-rbac\server\apps\rbac\serializers.py changed, reloading.
[2020-05-08 18:14:25,719] [autoreload.py:598] [autoreload:run_with_reloader] [INFO]- Watching for file changes with StatReloader
[2020-05-08 18:14:30,608] [basehttp.py:157] [basehttp:log_message] [INFO]- "GET /rbac/user/info/ HTTP/1.1" 200 136
[2020-05-08 18:14:30,950] [basehttp.py:157] [basehttp:log_message] [INFO]- "GET /rbac/organization/ HTTP/1.1" 200 798
[2020-05-08 18:14:30,958] [log.py:228] [log:log_response] [ERROR]- Internal Server Error: /rbac/user/
Traceback (most recent call last):
  File "E:\cnas\server\venv\lib\site-packages\django\core\handlers\exception.py", line 34, in inner
    response = get_response(request)
  File "E:\cnas\server\venv\lib\site-packages\django\core\handlers\base.py", line 115, in _get_response
    response = self.process_exception_by_middleware(e, request)
  File "E:\cnas\server\venv\lib\site-packages\django\core\handlers\base.py", line 113, in _get_response
    response = wrapped_callback(request, *callback_args, **callback_kwargs)
  File "E:\cnas\server\venv\lib\site-packages\django\views\decorators\csrf.py", line 54, in wrapped_view
    return view_func(*args, **kwargs)
  File "E:\cnas\server\venv\lib\site-packages\rest_framework\viewsets.py", line 114, in view
    return self.dispatch(request, *args, **kwargs)
  File "E:\cnas\server\venv\lib\site-packages\rest_framework\views.py", line 505, in dispatch
    response = self.handle_exception(exc)
  File "E:\cnas\server\venv\lib\site-packages\rest_framework\views.py", line 465, in handle_exception
    self.raise_uncaught_exception(exc)
  File "E:\cnas\server\venv\lib\site-packages\rest_framework\views.py", line 476, in raise_uncaught_exception
    raise exc
  File "E:\cnas\server\venv\lib\site-packages\rest_framework\views.py", line 502, in dispatch
    response = handler(request, *args, **kwargs)
  File "E:\cnas\server\venv\lib\site-packages\rest_framework\mixins.py", line 40, in list
    page = self.paginate_queryset(queryset)
  File "E:\cnas\server\venv\lib\site-packages\rest_framework\generics.py", line 171, in paginate_queryset
    return self.paginator.paginate_queryset(queryset, self.request, view=self)
  File "E:\cnas\server\venv\lib\site-packages\rest_framework\pagination.py", line 218, in paginate_queryset
    return list(self.page)
  File "E:\cnas\server\venv\lib\site-packages\django\core\paginator.py", line 150, in __len__
    return len(self.object_list)
  File "E:\cnas\server\venv\lib\site-packages\django\db\models\query.py", line 258, in __len__
    self._fetch_all()
  File "E:\cnas\server\venv\lib\site-packages\django\db\models\query.py", line 1261, in _fetch_all
    self._result_cache = list(self._iterable_class(self))
  File "E:\cnas\server\venv\lib\site-packages\django\db\models\query.py", line 57, in __iter__
    results = compiler.execute_sql(chunked_fetch=self.chunked_fetch, chunk_size=self.chunk_size)
  File "E:\cnas\server\venv\lib\site-packages\django\db\models\sql\compiler.py", line 1138, in execute_sql
    sql, params = self.as_sql()
  File "E:\cnas\server\venv\lib\site-packages\django\db\models\sql\compiler.py", line 490, in as_sql
    extra_select, order_by, group_by = self.pre_sql_setup()
  File "E:\cnas\server\venv\lib\site-packages\django\db\models\sql\compiler.py", line 51, in pre_sql_setup
    self.setup_query()
  File "E:\cnas\server\venv\lib\site-packages\django\db\models\sql\compiler.py", line 42, in setup_query
    self.select, self.klass_info, self.annotation_col_map = self.get_select()
  File "E:\cnas\server\venv\lib\site-packages\django\db\models\sql\compiler.py", line 243, in get_select
    related_klass_infos = self.get_related_selections(select)
  File "E:\cnas\server\venv\lib\site-packages\django\db\models\sql\compiler.py", line 964, in get_related_selections
    ', '.join(_get_field_choices()) or '(none)',
django.core.exceptions.FieldError: Invalid field name(s) given in select_related: 'postion'. Choices are: dept, superior
[2020-05-08 18:14:30,966] [basehttp.py:157] [basehttp:log_message] [ERROR]- "GET /rbac/user/?page=1&page_size=20 HTTP/1.1" 500 20847
[2020-05-08 18:14:31,083] [basehttp.py:157] [basehttp:log_message] [INFO]- "GET /rbac/role/ HTTP/1.1" 200 217
[2020-05-08 18:15:00,374] [autoreload.py:222] [autoreload:trigger_reload] [INFO]- E:\django-vue-rbac\server\apps\rbac\serializers.py changed, reloading.
[2020-05-08 18:15:01,634] [autoreload.py:598] [autoreload:run_with_reloader] [INFO]- Watching for file changes with StatReloader
[2020-05-08 18:15:02,596] [basehttp.py:157] [basehttp:log_message] [INFO]- "GET /rbac/user/info/ HTTP/1.1" 200 136
[2020-05-08 18:15:02,904] [basehttp.py:157] [basehttp:log_message] [INFO]- "GET /rbac/organization/ HTTP/1.1" 200 798
[2020-05-08 18:15:02,914] [basehttp.py:157] [basehttp:log_message] [INFO]- "GET /rbac/user/?page=1&page_size=20 HTTP/1.1" 200 449
[2020-05-08 18:15:03,023] [basehttp.py:157] [basehttp:log_message] [INFO]- "GET /rbac/role/ HTTP/1.1" 200 217
[2020-05-08 18:21:14,661] [basehttp.py:157] [basehttp:log_message] [INFO]- "GET /rbac/user/info/ HTTP/1.1" 200 136
[2020-05-08 18:21:14,978] [basehttp.py:157] [basehttp:log_message] [INFO]- "GET /rbac/organization/ HTTP/1.1" 200 798
[2020-05-08 18:21:15,010] [basehttp.py:157] [basehttp:log_message] [INFO]- "GET /rbac/user/?page=1&page_size=20 HTTP/1.1" 200 449
[2020-05-08 18:21:15,105] [basehttp.py:157] [basehttp:log_message] [INFO]- "GET /rbac/role/ HTTP/1.1" 200 217
