[2020-05-14 17:07:41,260] [autoreload.py:598] [autoreload:run_with_reloader] [INFO]- Watching for file changes with StatReloader
[2020-05-14 17:17:19,272] [basehttp.py:157] [basehttp:log_message] [INFO]- "OPTIONS /token/ HTTP/1.1" 200 0
[2020-05-14 17:17:19,684] [basehttp.py:157] [basehttp:log_message] [INFO]- "POST /token/ HTTP/1.1" 200 469
[2020-05-14 17:17:19,702] [basehttp.py:157] [basehttp:log_message] [INFO]- "OPTIONS /system/user/info/ HTTP/1.1" 200 0
[2020-05-14 17:17:20,246] [basehttp.py:157] [basehttp:log_message] [INFO]- "GET /system/user/info/ HTTP/1.1" 200 136
[2020-05-14 17:17:23,685] [basehttp.py:157] [basehttp:log_message] [INFO]- "OPTIONS /system/dicttype/ HTTP/1.1" 200 0
[2020-05-14 17:17:23,685] [basehttp.py:157] [basehttp:log_message] [INFO]- "OPTIONS /system/dict/?page=1&page_size=20 HTTP/1.1" 200 0
[2020-05-14 17:17:29,407] [basehttp.py:157] [basehttp:log_message] [INFO]- "GET /system/dict/?page=1&page_size=20 HTTP/1.1" 200 240
[2020-05-14 17:17:29,407] [basehttp.py:157] [basehttp:log_message] [INFO]- "GET /system/dicttype/ HTTP/1.1" 200 184
[2020-05-14 17:17:37,971] [basehttp.py:157] [basehttp:log_message] [INFO]- "OPTIONS /system/dict/?page=1&page_size=20&type=1 HTTP/1.1" 200 0
[2020-05-14 17:17:38,081] [basehttp.py:157] [basehttp:log_message] [INFO]- "GET /system/dict/?page=1&page_size=20&type=1 HTTP/1.1" 200 240
[2020-05-14 17:17:50,349] [basehttp.py:157] [basehttp:log_message] [INFO]- "OPTIONS /system/position/ HTTP/1.1" 200 0
[2020-05-14 17:17:50,499] [basehttp.py:157] [basehttp:log_message] [INFO]- "GET /system/position/ HTTP/1.1" 200 166
[2020-05-14 17:17:51,795] [basehttp.py:157] [basehttp:log_message] [INFO]- "OPTIONS /system/organization/ HTTP/1.1" 200 0
[2020-05-14 17:17:51,795] [basehttp.py:157] [basehttp:log_message] [INFO]- "OPTIONS /system/permission/ HTTP/1.1" 200 0
[2020-05-14 17:17:51,805] [basehttp.py:157] [basehttp:log_message] [INFO]- "OPTIONS /system/role/ HTTP/1.1" 200 0
[2020-05-14 17:17:51,949] [basehttp.py:157] [basehttp:log_message] [INFO]- "GET /system/organization/ HTTP/1.1" 200 798
[2020-05-14 17:17:52,005] [basehttp.py:157] [basehttp:log_message] [INFO]- "GET /system/permission/ HTTP/1.1" 200 422
[2020-05-14 17:17:52,156] [basehttp.py:157] [basehttp:log_message] [INFO]- "GET /system/role/ HTTP/1.1" 200 217
[2020-05-14 17:17:53,106] [basehttp.py:157] [basehttp:log_message] [INFO]- "GET /system/organization/ HTTP/1.1" 200 798
[2020-05-14 17:17:54,720] [basehttp.py:157] [basehttp:log_message] [INFO]- "GET /system/permission/ HTTP/1.1" 200 422
[2020-05-14 17:17:54,767] [basehttp.py:157] [basehttp:log_message] [INFO]- "GET /system/role/ HTTP/1.1" 200 217
[2020-05-14 17:17:54,846] [basehttp.py:157] [basehttp:log_message] [INFO]- "GET /system/organization/ HTTP/1.1" 200 798
[2020-05-14 17:18:02,922] [basehttp.py:157] [basehttp:log_message] [INFO]- "OPTIONS /system/user/?page=1&page_size=20 HTTP/1.1" 200 0
[2020-05-14 17:18:03,031] [basehttp.py:157] [basehttp:log_message] [INFO]- "GET /system/organization/ HTTP/1.1" 200 798
[2020-05-14 17:18:03,060] [basehttp.py:157] [basehttp:log_message] [INFO]- "GET /system/role/ HTTP/1.1" 200 217
[2020-05-14 17:18:03,134] [basehttp.py:157] [basehttp:log_message] [INFO]- "GET /system/user/?page=1&page_size=20 HTTP/1.1" 200 449
[2020-05-14 17:18:05,723] [basehttp.py:157] [basehttp:log_message] [INFO]- "GET /system/organization/ HTTP/1.1" 200 798
[2020-05-14 17:35:36,943] [autoreload.py:222] [autoreload:trigger_reload] [INFO]- E:\django-vue-rbac\server\server\settings_dev.py changed, reloading.
[2020-05-14 17:35:41,067] [autoreload.py:598] [autoreload:run_with_reloader] [INFO]- Watching for file changes with StatReloader
[2020-05-14 17:37:58,914] [autoreload.py:222] [autoreload:trigger_reload] [INFO]- E:\django-vue-rbac\server\server\settings_dev.py changed, reloading.
[2020-05-14 17:38:00,013] [autoreload.py:598] [autoreload:run_with_reloader] [INFO]- Watching for file changes with StatReloader
[2020-05-14 17:49:59,860] [autoreload.py:598] [autoreload:run_with_reloader] [INFO]- Watching for file changes with StatReloader
[2020-05-14 17:55:07,477] [autoreload.py:598] [autoreload:run_with_reloader] [INFO]- Watching for file changes with StatReloader
[2020-05-14 17:57:03,008] [autoreload.py:598] [autoreload:run_with_reloader] [INFO]- Watching for file changes with StatReloader
[2020-05-14 18:00:15,914] [autoreload.py:598] [autoreload:run_with_reloader] [INFO]- Watching for file changes with StatReloader
[2020-05-14 18:00:48,840] [basehttp.py:157] [basehttp:log_message] [INFO]- "GET /system/user/info/ HTTP/1.1" 200 136
[2020-05-14 18:00:48,854] [basehttp.py:157] [basehttp:log_message] [INFO]- "GET /system/user/info/ HTTP/1.1" 200 136
[2020-05-14 18:00:51,649] [basehttp.py:157] [basehttp:log_message] [INFO]- "GET /system/organization/ HTTP/1.1" 200 33
[2020-05-14 18:00:51,662] [basehttp.py:157] [basehttp:log_message] [INFO]- "GET /system/role/ HTTP/1.1" 200 33
[2020-05-14 18:00:51,734] [basehttp.py:157] [basehttp:log_message] [INFO]- "GET /system/user/?page=1&page_size=20 HTTP/1.1" 200 265
[2020-05-14 18:01:01,397] [basehttp.py:157] [basehttp:log_message] [INFO]- "GET /system/organization/ HTTP/1.1" 200 33
[2020-05-14 18:01:13,774] [basehttp.py:157] [basehttp:log_message] [INFO]- "GET /admin HTTP/1.1" 301 0
[2020-05-14 18:01:13,855] [basehttp.py:157] [basehttp:log_message] [INFO]- "GET /admin/ HTTP/1.1" 302 0
[2020-05-14 18:01:14,545] [basehttp.py:157] [basehttp:log_message] [INFO]- "GET /admin/login/?next=/admin/ HTTP/1.1" 200 1915
[2020-05-14 18:01:14,634] [basehttp.py:157] [basehttp:log_message] [INFO]- "GET /static/admin/css/base.css HTTP/1.1" 200 16378
[2020-05-14 18:01:14,634] [basehttp.py:157] [basehttp:log_message] [INFO]- "GET /static/admin/css/responsive.css HTTP/1.1" 200 18052
[2020-05-14 18:01:14,634] [basehttp.py:157] [basehttp:log_message] [INFO]- "GET /static/admin/css/login.css HTTP/1.1" 200 1233
[2020-05-14 18:01:14,702] [basehttp.py:157] [basehttp:log_message] [INFO]- "GET /static/admin/css/fonts.css HTTP/1.1" 200 423
[2020-05-14 18:01:14,870] [basehttp.py:157] [basehttp:log_message] [INFO]- "GET /static/admin/fonts/Roboto-Light-webfont.woff HTTP/1.1" 200 85692
[2020-05-14 18:01:14,870] [basehttp.py:157] [basehttp:log_message] [INFO]- "GET /static/admin/fonts/Roboto-Regular-webfont.woff HTTP/1.1" 200 85876
[2020-05-14 18:01:14,918] [log.py:228] [log:log_response] [WARNING]- Not Found: /favicon.ico
[2020-05-14 18:01:14,919] [basehttp.py:157] [basehttp:log_message] [WARNING]- "GET /favicon.ico HTTP/1.1" 404 2838
[2020-05-14 18:01:20,575] [basehttp.py:157] [basehttp:log_message] [INFO]- "POST /admin/login/?next=/admin/ HTTP/1.1" 302 0
[2020-05-14 18:01:20,630] [basehttp.py:157] [basehttp:log_message] [INFO]- "GET /admin/ HTTP/1.1" 200 5481
[2020-05-14 18:01:20,662] [basehttp.py:157] [basehttp:log_message] [INFO]- "GET /static/admin/css/dashboard.css HTTP/1.1" 200 412
[2020-05-14 18:01:20,729] [basehttp.py:157] [basehttp:log_message] [INFO]- "GET /static/admin/img/icon-changelink.svg HTTP/1.1" 200 380
[2020-05-14 18:01:20,730] [basehttp.py:157] [basehttp:log_message] [INFO]- "GET /static/admin/img/icon-addlink.svg HTTP/1.1" 200 331
[2020-05-14 18:01:20,834] [basehttp.py:157] [basehttp:log_message] [INFO]- "GET /static/admin/fonts/Roboto-Bold-webfont.woff HTTP/1.1" 200 86184
[2020-05-14 18:02:19,171] [autoreload.py:222] [autoreload:trigger_reload] [INFO]- E:\django-vue-rbac\server\apps\system\models.py changed, reloading.
[2020-05-14 18:02:20,413] [autoreload.py:598] [autoreload:run_with_reloader] [INFO]- Watching for file changes with StatReloader
[2020-05-14 18:02:21,796] [basehttp.py:157] [basehttp:log_message] [INFO]- "GET /admin/ HTTP/1.1" 200 5484
[2020-05-14 18:02:24,788] [basehttp.py:157] [basehttp:log_message] [INFO]- "GET /admin/system/dicttype/ HTTP/1.1" 200 3209
[2020-05-14 18:02:24,856] [basehttp.py:157] [basehttp:log_message] [INFO]- "GET /static/admin/js/jquery.init.js HTTP/1.1" 200 363
[2020-05-14 18:02:24,895] [basehttp.py:157] [basehttp:log_message] [INFO]- "GET /admin/jsi18n/ HTTP/1.1" 200 7722
[2020-05-14 18:02:24,903] [basehttp.py:157] [basehttp:log_message] [INFO]- "GET /static/admin/css/changelists.css HTTP/1.1" 200 6190
[2020-05-14 18:02:24,911] [basehttp.py:157] [basehttp:log_message] [INFO]- "GET /static/admin/js/actions.js HTTP/1.1" 200 6766
[2020-05-14 18:02:24,912] [basehttp.py:157] [basehttp:log_message] [INFO]- "GET /static/admin/js/core.js HTTP/1.1" 200 5723
[2020-05-14 18:02:24,922] [basehttp.py:157] [basehttp:log_message] [INFO]- "GET /static/admin/js/admin/RelatedObjectLookups.js HTTP/1.1" 200 6918
[2020-05-14 18:02:24,943] [basehttp.py:157] [basehttp:log_message] [INFO]- "GET /static/admin/js/urlify.js HTTP/1.1" 200 8941
[2020-05-14 18:02:24,947] [basehttp.py:157] [basehttp:log_message] [INFO]- "GET /static/admin/js/prepopulate.js HTTP/1.1" 200 1530
[2020-05-14 18:02:24,981] [basehttp.py:157] [basehttp:log_message] [INFO]- "GET /static/admin/js/vendor/xregexp/xregexp.js HTTP/1.1" 200 128820
[2020-05-14 18:02:25,026] [basehttp.py:157] [basehttp:log_message] [INFO]- "GET /static/admin/js/vendor/jquery/jquery.js HTTP/1.1" 200 280364
[2020-05-14 18:02:25,127] [basehttp.py:157] [basehttp:log_message] [INFO]- "GET /static/admin/img/tooltag-add.svg HTTP/1.1" 200 331
[2020-05-14 18:02:26,248] [basehttp.py:157] [basehttp:log_message] [INFO]- "GET /admin/ HTTP/1.1" 200 5484
[2020-05-14 18:02:28,588] [basehttp.py:157] [basehttp:log_message] [INFO]- "GET /admin/system/dicttype/ HTTP/1.1" 200 3209
[2020-05-14 18:02:28,620] [basehttp.py:157] [basehttp:log_message] [INFO]- "GET /admin/jsi18n/ HTTP/1.1" 200 7722
[2020-05-14 18:02:29,962] [basehttp.py:157] [basehttp:log_message] [INFO]- "GET /admin/ HTTP/1.1" 200 5484
[2020-05-14 18:02:31,132] [basehttp.py:157] [basehttp:log_message] [INFO]- "GET /admin/system/dicttype/ HTTP/1.1" 200 3209
[2020-05-14 18:02:31,173] [basehttp.py:157] [basehttp:log_message] [INFO]- "GET /admin/jsi18n/ HTTP/1.1" 200 7722
[2020-05-14 18:02:32,453] [basehttp.py:157] [basehttp:log_message] [INFO]- "GET /admin/system/dicttype/add/ HTTP/1.1" 200 7469
[2020-05-14 18:02:32,496] [basehttp.py:157] [basehttp:log_message] [INFO]- "GET /admin/jsi18n/ HTTP/1.1" 200 7722
[2020-05-14 18:02:32,526] [basehttp.py:157] [basehttp:log_message] [INFO]- "GET /static/admin/css/forms.css HTTP/1.1" 200 8518
[2020-05-14 18:02:32,532] [basehttp.py:157] [basehttp:log_message] [INFO]- "GET /static/admin/js/calendar.js HTTP/1.1" 200 7777
[2020-05-14 18:02:32,537] [basehttp.py:157] [basehttp:log_message] [INFO]- "GET /static/admin/js/admin/DateTimeShortcuts.js HTTP/1.1" 200 20232
[2020-05-14 18:02:32,548] [basehttp.py:157] [basehttp:log_message] [INFO]- "GET /static/admin/css/widgets.css HTTP/1.1" 200 10322
[2020-05-14 18:02:32,564] [basehttp.py:157] [basehttp:log_message] [INFO]- "GET /static/admin/js/change_form.js HTTP/1.1" 200 712
[2020-05-14 18:02:32,567] [basehttp.py:157] [basehttp:log_message] [INFO]- "GET /static/admin/js/prepopulate_init.js HTTP/1.1" 200 495
[2020-05-14 18:02:32,585] [basehttp.py:157] [basehttp:log_message] [INFO]- "GET /static/admin/img/icon-deletelink.svg HTTP/1.1" 200 392
[2020-05-14 18:02:32,640] [basehttp.py:157] [basehttp:log_message] [INFO]- "GET /static/admin/img/icon-calendar.svg HTTP/1.1" 200 1086
[2020-05-14 18:02:32,646] [basehttp.py:157] [basehttp:log_message] [INFO]- "GET /static/admin/img/icon-clock.svg HTTP/1.1" 200 677
[2020-05-14 18:02:46,036] [basehttp.py:157] [basehttp:log_message] [INFO]- "POST /admin/system/dicttype/add/ HTTP/1.1" 302 0
[2020-05-14 18:02:46,106] [basehttp.py:157] [basehttp:log_message] [INFO]- "GET /admin/system/dicttype/ HTTP/1.1" 200 4594
[2020-05-14 18:02:46,153] [basehttp.py:157] [basehttp:log_message] [INFO]- "GET /admin/jsi18n/ HTTP/1.1" 200 7722
[2020-05-14 18:02:46,180] [basehttp.py:157] [basehttp:log_message] [INFO]- "GET /static/admin/img/icon-yes.svg HTTP/1.1" 200 436
[2020-05-14 18:02:47,996] [basehttp.py:157] [basehttp:log_message] [INFO]- "GET /admin/system/ HTTP/1.1" 200 4654
[2020-05-14 18:02:50,239] [basehttp.py:157] [basehttp:log_message] [INFO]- "GET /admin/system/organization/ HTTP/1.1" 200 3217
[2020-05-14 18:02:50,277] [basehttp.py:157] [basehttp:log_message] [INFO]- "GET /admin/jsi18n/ HTTP/1.1" 200 7722
[2020-05-14 18:02:51,518] [basehttp.py:157] [basehttp:log_message] [INFO]- "GET /admin/system/organization/add/ HTTP/1.1" 200 7546
[2020-05-14 18:02:51,552] [basehttp.py:157] [basehttp:log_message] [INFO]- "GET /admin/jsi18n/ HTTP/1.1" 200 7722
[2020-05-14 18:03:10,254] [basehttp.py:157] [basehttp:log_message] [INFO]- "POST /admin/system/organization/add/ HTTP/1.1" 302 0
[2020-05-14 18:03:10,306] [basehttp.py:157] [basehttp:log_message] [INFO]- "GET /admin/system/organization/ HTTP/1.1" 200 4610
[2020-05-14 18:03:10,356] [basehttp.py:157] [basehttp:log_message] [INFO]- "GET /admin/jsi18n/ HTTP/1.1" 200 7722
[2020-05-14 18:03:14,356] [basehttp.py:157] [basehttp:log_message] [INFO]- "GET /system/user/info/ HTTP/1.1" 200 136
[2020-05-14 18:03:14,487] [basehttp.py:157] [basehttp:log_message] [INFO]- "GET /system/organization/ HTTP/1.1" 200 181
[2020-05-14 18:03:16,501] [basehttp.py:157] [basehttp:log_message] [INFO]- "GET /system/organization/ HTTP/1.1" 200 181
[2020-05-14 18:03:16,511] [basehttp.py:157] [basehttp:log_message] [INFO]- "GET /system/user/?page=1&page_size=20 HTTP/1.1" 200 265
[2020-05-14 18:03:16,515] [basehttp.py:157] [basehttp:log_message] [INFO]- "GET /system/role/ HTTP/1.1" 200 33
[2020-05-14 18:03:18,324] [basehttp.py:157] [basehttp:log_message] [INFO]- "GET /system/organization/ HTTP/1.1" 200 181
[2020-05-14 18:03:18,324] [basehttp.py:157] [basehttp:log_message] [INFO]- "GET /system/role/ HTTP/1.1" 200 33
[2020-05-14 18:03:18,325] [basehttp.py:157] [basehttp:log_message] [INFO]- "GET /system/permission/ HTTP/1.1" 200 33
[2020-05-14 18:03:19,039] [basehttp.py:157] [basehttp:log_message] [INFO]- "GET /system/organization/ HTTP/1.1" 200 181
[2020-05-14 18:03:31,808] [basehttp.py:157] [basehttp:log_message] [INFO]- "POST /system/organization/ HTTP/1.1" 200 173
[2020-05-14 18:03:31,846] [basehttp.py:157] [basehttp:log_message] [INFO]- "GET /system/organization/ HTTP/1.1" 200 324
[2020-05-14 18:03:33,656] [basehttp.py:157] [basehttp:log_message] [INFO]- "GET /system/organization/ HTTP/1.1" 200 324
[2020-05-14 18:03:33,657] [basehttp.py:157] [basehttp:log_message] [INFO]- "GET /system/role/ HTTP/1.1" 200 33
[2020-05-14 18:03:33,658] [basehttp.py:157] [basehttp:log_message] [INFO]- "GET /system/permission/ HTTP/1.1" 200 33
[2020-05-14 18:03:45,140] [basehttp.py:157] [basehttp:log_message] [INFO]- "GET /admin/system/organization/add/ HTTP/1.1" 200 7629
[2020-05-14 18:03:46,605] [basehttp.py:157] [basehttp:log_message] [INFO]- "GET /admin/system/organization/ HTTP/1.1" 200 4636
[2020-05-14 18:03:48,024] [basehttp.py:157] [basehttp:log_message] [INFO]- "GET /admin/system/ HTTP/1.1" 200 4654
[2020-05-14 18:03:53,185] [basehttp.py:157] [basehttp:log_message] [INFO]- "GET /admin/system/permission/ HTTP/1.1" 200 3228
[2020-05-14 18:03:53,219] [basehttp.py:157] [basehttp:log_message] [INFO]- "GET /admin/jsi18n/ HTTP/1.1" 200 7722
[2020-05-14 18:03:54,730] [basehttp.py:157] [basehttp:log_message] [INFO]- "GET /admin/system/permission/add/ HTTP/1.1" 200 8942
[2020-05-14 18:03:54,768] [basehttp.py:157] [basehttp:log_message] [INFO]- "GET /admin/jsi18n/ HTTP/1.1" 200 7722
[2020-05-14 18:04:30,129] [basehttp.py:157] [basehttp:log_message] [INFO]- "POST /admin/system/permission/add/ HTTP/1.1" 302 0
[2020-05-14 18:04:30,176] [basehttp.py:157] [basehttp:log_message] [INFO]- "GET /admin/system/permission/ HTTP/1.1" 200 4626
[2020-05-14 18:04:30,216] [basehttp.py:157] [basehttp:log_message] [INFO]- "GET /admin/jsi18n/ HTTP/1.1" 200 7722
[2020-05-14 18:04:31,715] [basehttp.py:157] [basehttp:log_message] [INFO]- "GET /admin/system/permission/add/ HTTP/1.1" 200 8985
[2020-05-14 18:04:31,757] [basehttp.py:157] [basehttp:log_message] [INFO]- "GET /admin/jsi18n/ HTTP/1.1" 200 7722
[2020-05-14 18:04:55,353] [basehttp.py:157] [basehttp:log_message] [INFO]- "POST /admin/system/permission/add/ HTTP/1.1" 302 0
[2020-05-14 18:04:55,404] [basehttp.py:157] [basehttp:log_message] [INFO]- "GET /admin/system/permission/ HTTP/1.1" 200 4855
[2020-05-14 18:04:55,443] [basehttp.py:157] [basehttp:log_message] [INFO]- "GET /admin/jsi18n/ HTTP/1.1" 200 7722
[2020-05-14 18:04:57,094] [basehttp.py:157] [basehttp:log_message] [INFO]- "GET /admin/system/permission/add/ HTTP/1.1" 200 9028
[2020-05-14 18:04:57,130] [basehttp.py:157] [basehttp:log_message] [INFO]- "GET /admin/jsi18n/ HTTP/1.1" 200 7722
[2020-05-14 18:05:09,435] [basehttp.py:157] [basehttp:log_message] [INFO]- "POST /admin/system/permission/add/ HTTP/1.1" 302 0
[2020-05-14 18:05:09,509] [basehttp.py:157] [basehttp:log_message] [INFO]- "GET /admin/system/permission/ HTTP/1.1" 200 5084
[2020-05-14 18:05:09,545] [basehttp.py:157] [basehttp:log_message] [INFO]- "GET /admin/jsi18n/ HTTP/1.1" 200 7722
[2020-05-14 18:05:11,355] [basehttp.py:157] [basehttp:log_message] [INFO]- "GET /admin/system/permission/add/ HTTP/1.1" 200 9071
[2020-05-14 18:05:11,397] [basehttp.py:157] [basehttp:log_message] [INFO]- "GET /admin/jsi18n/ HTTP/1.1" 200 7722
[2020-05-14 18:05:22,845] [basehttp.py:157] [basehttp:log_message] [INFO]- "POST /admin/system/permission/add/ HTTP/1.1" 302 0
[2020-05-14 18:05:22,905] [basehttp.py:157] [basehttp:log_message] [INFO]- "GET /admin/system/permission/ HTTP/1.1" 200 5313
[2020-05-14 18:05:22,945] [basehttp.py:157] [basehttp:log_message] [INFO]- "GET /admin/jsi18n/ HTTP/1.1" 200 7722
[2020-05-14 18:05:26,100] [basehttp.py:157] [basehttp:log_message] [INFO]- "GET /system/user/info/ HTTP/1.1" 200 136
[2020-05-14 18:05:26,224] [basehttp.py:157] [basehttp:log_message] [INFO]- "GET /system/organization/ HTTP/1.1" 200 324
[2020-05-14 18:05:26,229] [basehttp.py:157] [basehttp:log_message] [INFO]- "GET /system/permission/ HTTP/1.1" 200 824
[2020-05-14 18:05:26,231] [basehttp.py:157] [basehttp:log_message] [INFO]- "GET /system/role/ HTTP/1.1" 200 33
[2020-05-14 18:05:44,815] [basehttp.py:157] [basehttp:log_message] [INFO]- "GET /admin/system/permission/4/change/ HTTP/1.1" 200 9357
[2020-05-14 18:05:44,858] [basehttp.py:157] [basehttp:log_message] [INFO]- "GET /admin/jsi18n/ HTTP/1.1" 200 7722
[2020-05-14 18:05:51,267] [basehttp.py:157] [basehttp:log_message] [INFO]- "POST /admin/system/permission/4/change/ HTTP/1.1" 302 0
[2020-05-14 18:05:51,376] [basehttp.py:157] [basehttp:log_message] [INFO]- "GET /admin/system/permission/ HTTP/1.1" 200 5315
[2020-05-14 18:05:51,430] [basehttp.py:157] [basehttp:log_message] [INFO]- "GET /admin/jsi18n/ HTTP/1.1" 200 7722
[2020-05-14 18:05:52,525] [basehttp.py:157] [basehttp:log_message] [INFO]- "GET /admin/system/permission/3/change/ HTTP/1.1" 200 9357
[2020-05-14 18:05:52,561] [basehttp.py:157] [basehttp:log_message] [INFO]- "GET /admin/jsi18n/ HTTP/1.1" 200 7722
[2020-05-14 18:05:56,324] [basehttp.py:157] [basehttp:log_message] [INFO]- "POST /admin/system/permission/3/change/ HTTP/1.1" 302 0
[2020-05-14 18:05:56,381] [basehttp.py:157] [basehttp:log_message] [INFO]- "GET /admin/system/permission/ HTTP/1.1" 200 5315
[2020-05-14 18:05:56,422] [basehttp.py:157] [basehttp:log_message] [INFO]- "GET /admin/jsi18n/ HTTP/1.1" 200 7722
[2020-05-14 18:06:00,066] [basehttp.py:157] [basehttp:log_message] [INFO]- "GET /admin/system/permission/2/change/ HTTP/1.1" 200 9357
[2020-05-14 18:06:00,109] [basehttp.py:157] [basehttp:log_message] [INFO]- "GET /admin/jsi18n/ HTTP/1.1" 200 7722
[2020-05-14 18:06:02,873] [basehttp.py:157] [basehttp:log_message] [INFO]- "POST /admin/system/permission/2/change/ HTTP/1.1" 302 0
[2020-05-14 18:06:02,928] [basehttp.py:157] [basehttp:log_message] [INFO]- "GET /admin/system/permission/ HTTP/1.1" 200 5315
[2020-05-14 18:06:02,971] [basehttp.py:157] [basehttp:log_message] [INFO]- "GET /admin/jsi18n/ HTTP/1.1" 200 7722
[2020-05-14 18:06:06,180] [basehttp.py:157] [basehttp:log_message] [INFO]- "GET /system/user/info/ HTTP/1.1" 200 136
[2020-05-14 18:06:06,312] [basehttp.py:157] [basehttp:log_message] [INFO]- "GET /system/permission/ HTTP/1.1" 200 815
[2020-05-14 18:06:06,316] [basehttp.py:157] [basehttp:log_message] [INFO]- "GET /system/role/ HTTP/1.1" 200 33
[2020-05-14 18:06:06,319] [basehttp.py:157] [basehttp:log_message] [INFO]- "GET /system/organization/ HTTP/1.1" 200 324
[2020-05-14 18:06:21,859] [basehttp.py:157] [basehttp:log_message] [INFO]- "POST /system/role/ HTTP/1.1" 200 217
[2020-05-14 18:06:21,894] [basehttp.py:157] [basehttp:log_message] [INFO]- "GET /system/role/ HTTP/1.1" 200 219
[2020-05-14 18:06:28,305] [basehttp.py:157] [basehttp:log_message] [INFO]- "GET /admin/system/permission/add/ HTTP/1.1" 200 9114
[2020-05-14 18:06:28,348] [basehttp.py:157] [basehttp:log_message] [INFO]- "GET /admin/jsi18n/ HTTP/1.1" 200 7722
[2020-05-14 18:06:41,903] [basehttp.py:157] [basehttp:log_message] [INFO]- "POST /admin/system/permission/add/ HTTP/1.1" 302 0
[2020-05-14 18:06:41,954] [basehttp.py:157] [basehttp:log_message] [INFO]- "GET /admin/system/permission/ HTTP/1.1" 200 5542
[2020-05-14 18:06:41,992] [basehttp.py:157] [basehttp:log_message] [INFO]- "GET /admin/jsi18n/ HTTP/1.1" 200 7722
[2020-05-14 18:06:43,317] [basehttp.py:157] [basehttp:log_message] [INFO]- "GET /admin/system/permission/1/change/ HTTP/1.1" 200 9400
[2020-05-14 18:06:43,357] [basehttp.py:157] [basehttp:log_message] [INFO]- "GET /admin/jsi18n/ HTTP/1.1" 200 7722
[2020-05-14 18:06:49,188] [basehttp.py:157] [basehttp:log_message] [INFO]- "POST /admin/system/permission/1/change/ HTTP/1.1" 302 0
[2020-05-14 18:06:49,316] [basehttp.py:157] [basehttp:log_message] [INFO]- "GET /admin/system/permission/ HTTP/1.1" 200 5544
[2020-05-14 18:06:49,351] [basehttp.py:157] [basehttp:log_message] [INFO]- "GET /admin/jsi18n/ HTTP/1.1" 200 7722
[2020-05-14 18:06:51,971] [basehttp.py:157] [basehttp:log_message] [INFO]- "GET /system/user/info/ HTTP/1.1" 200 136
[2020-05-14 18:06:52,109] [basehttp.py:157] [basehttp:log_message] [INFO]- "GET /system/role/ HTTP/1.1" 200 219
[2020-05-14 18:06:52,110] [basehttp.py:157] [basehttp:log_message] [INFO]- "GET /system/permission/ HTTP/1.1" 200 1012
[2020-05-14 18:06:52,116] [basehttp.py:157] [basehttp:log_message] [INFO]- "GET /system/organization/ HTTP/1.1" 200 324
[2020-05-14 18:06:57,044] [basehttp.py:157] [basehttp:log_message] [INFO]- "OPTIONS /system/role/1/ HTTP/1.1" 200 0
[2020-05-14 18:06:57,262] [basehttp.py:157] [basehttp:log_message] [INFO]- "PUT /system/role/1/ HTTP/1.1" 200 219
[2020-05-14 18:06:59,288] [basehttp.py:157] [basehttp:log_message] [INFO]- "GET /system/position/ HTTP/1.1" 200 33
[2020-05-14 18:07:01,000] [basehttp.py:157] [basehttp:log_message] [INFO]- "GET /system/dicttype/ HTTP/1.1" 200 184
[2020-05-14 18:07:01,000] [basehttp.py:157] [basehttp:log_message] [INFO]- "GET /system/dict/?page=1&page_size=20 HTTP/1.1" 200 83
[2020-05-14 18:07:02,077] [basehttp.py:157] [basehttp:log_message] [INFO]- "GET /system/dict/?page=1&page_size=20&type=1 HTTP/1.1" 200 83
[2020-05-14 18:07:15,967] [basehttp.py:157] [basehttp:log_message] [INFO]- "GET /docs/ HTTP/1.1" 200 337792
[2020-05-14 18:07:16,091] [basehttp.py:157] [basehttp:log_message] [INFO]- "GET /static/rest_framework/css/font-awesome-4.0.3.css HTTP/1.1" 200 21658
[2020-05-14 18:07:16,092] [basehttp.py:157] [basehttp:log_message] [INFO]- "GET /static/rest_framework/css/bootstrap-theme.min.css HTTP/1.1" 200 23411
[2020-05-14 18:07:16,103] [basehttp.py:157] [basehttp:log_message] [INFO]- "GET /static/rest_framework/css/bootstrap.min.css HTTP/1.1" 200 121457
[2020-05-14 18:07:16,118] [basehttp.py:157] [basehttp:log_message] [INFO]- "GET /static/rest_framework/docs/css/base.css HTTP/1.1" 200 6147
[2020-05-14 18:07:16,119] [basehttp.py:157] [basehttp:log_message] [INFO]- "GET /static/rest_framework/docs/css/jquery.json-view.min.css HTTP/1.1" 200 1307
[2020-05-14 18:07:16,173] [basehttp.py:157] [basehttp:log_message] [INFO]- "GET /static/rest_framework/js/coreapi-0.1.1.js HTTP/1.1" 200 157600
[2020-05-14 18:07:16,189] [basehttp.py:157] [basehttp:log_message] [INFO]- "GET /docs/schema.js HTTP/1.1" 200 52308
[2020-05-14 18:07:16,384] [basehttp.py:157] [basehttp:log_message] [INFO]- "GET /static/rest_framework/fonts/fontawesome-webfont.woff?v=4.0.3 HTTP/1.1" 200 44432
[2020-05-14 18:07:16,478] [basehttp.py:157] [basehttp:log_message] [INFO]- "GET /static/rest_framework/js/jquery-3.4.1.min.js HTTP/1.1" 200 88145
[2020-05-14 18:07:16,485] [basehttp.py:157] [basehttp:log_message] [INFO]- "GET /static/rest_framework/js/bootstrap.min.js HTTP/1.1" 200 39680
[2020-05-14 18:07:16,569] [basehttp.py:157] [basehttp:log_message] [INFO]- "GET /static/rest_framework/docs/js/jquery.json-view.min.js HTTP/1.1" 200 2700
[2020-05-14 18:07:16,573] [basehttp.py:157] [basehttp:log_message] [INFO]- "GET /static/rest_framework/docs/js/api.js HTTP/1.1" 200 10539
[2020-05-15 09:33:46,023] [log.py:228] [log:log_response] [WARNING]- Not Found: /
[2020-05-15 09:33:46,024] [basehttp.py:157] [basehttp:log_message] [WARNING]- "GET / HTTP/1.1" 404 2787
[2020-05-15 09:33:46,198] [log.py:228] [log:log_response] [WARNING]- Not Found: /favicon.ico
[2020-05-15 09:33:46,199] [basehttp.py:157] [basehttp:log_message] [WARNING]- "GET /favicon.ico HTTP/1.1" 404 2838
